2021-03-27 19:57:58,597 [INFO ]  Split index: 49936
2021-03-27 19:57:58,599 [INFO ]  Training value function model on full dataset
2021-03-27 19:58:02,718 [INFO ]  Epoch:  0, Train Loss: 0.0626, Validate Loss: 0.0225
2021-03-27 19:58:06,570 [INFO ]  Epoch:  1, Train Loss: 0.0147, Validate Loss: 0.0147
2021-03-27 19:58:10,457 [INFO ]  Epoch:  2, Train Loss: 0.0142, Validate Loss: 0.0161
2021-03-27 19:58:14,374 [INFO ]  Epoch:  3, Train Loss: 0.0122, Validate Loss: 0.0171
2021-03-27 19:58:18,361 [INFO ]  Epoch:  4, Train Loss: 0.0124, Validate Loss: 0.0163
2021-03-27 19:58:22,259 [INFO ]  Epoch:  5, Train Loss: 0.0115, Validate Loss: 0.0097
2021-03-27 19:58:26,156 [INFO ]  Epoch:  6, Train Loss: 0.0114, Validate Loss: 0.0094
2021-03-27 19:58:30,060 [INFO ]  Epoch:  7, Train Loss: 0.0110, Validate Loss: 0.0115
2021-03-27 19:58:33,916 [INFO ]  Epoch:  8, Train Loss: 0.0110, Validate Loss: 0.0105
2021-03-27 19:58:37,779 [INFO ]  Epoch:  9, Train Loss: 0.0121, Validate Loss: 0.0093
2021-03-27 19:58:41,662 [INFO ]  Epoch: 10, Train Loss: 0.0112, Validate Loss: 0.0150
2021-03-27 19:58:45,566 [INFO ]  Epoch: 11, Train Loss: 0.0116, Validate Loss: 0.0097
2021-03-27 19:58:49,563 [INFO ]  Epoch: 12, Train Loss: 0.0114, Validate Loss: 0.0091
2021-03-27 19:58:53,472 [INFO ]  Epoch: 13, Train Loss: 0.0110, Validate Loss: 0.0092
2021-03-27 19:58:57,372 [INFO ]  Epoch: 14, Train Loss: 0.0110, Validate Loss: 0.0091
2021-03-27 19:59:01,251 [INFO ]  Epoch: 15, Train Loss: 0.0110, Validate Loss: 0.0093
2021-03-27 19:59:05,195 [INFO ]  Epoch: 16, Train Loss: 0.0107, Validate Loss: 0.0102
2021-03-27 19:59:09,104 [INFO ]  Epoch: 17, Train Loss: 0.0105, Validate Loss: 0.0090
2021-03-27 19:59:13,030 [INFO ]  Epoch: 18, Train Loss: 0.0102, Validate Loss: 0.0089
2021-03-27 19:59:16,931 [INFO ]  Epoch: 19, Train Loss: 0.0114, Validate Loss: 0.0097
2021-03-27 19:59:20,868 [INFO ]  Epoch: 20, Train Loss: 0.0115, Validate Loss: 0.0097
2021-03-27 19:59:24,777 [INFO ]  Epoch: 21, Train Loss: 0.0112, Validate Loss: 0.0167
2021-03-27 19:59:28,661 [INFO ]  Epoch: 22, Train Loss: 0.0109, Validate Loss: 0.0089
2021-03-27 19:59:32,563 [INFO ]  Epoch: 23, Train Loss: 0.0107, Validate Loss: 0.0116
2021-03-27 19:59:36,507 [INFO ]  Epoch: 24, Train Loss: 0.0114, Validate Loss: 0.0114
2021-03-27 19:59:40,389 [INFO ]  Epoch: 25, Train Loss: 0.0106, Validate Loss: 0.0120
2021-03-27 19:59:44,278 [INFO ]  Epoch: 26, Train Loss: 0.0113, Validate Loss: 0.0110
2021-03-27 19:59:48,185 [INFO ]  Epoch: 27, Train Loss: 0.0106, Validate Loss: 0.0115
2021-03-27 19:59:52,084 [INFO ]  Epoch: 28, Train Loss: 0.0101, Validate Loss: 0.0108
2021-03-27 19:59:55,968 [INFO ]  Epoch: 29, Train Loss: 0.0109, Validate Loss: 0.0128
2021-03-27 19:59:59,906 [INFO ]  Epoch: 30, Train Loss: 0.0109, Validate Loss: 0.0107
2021-03-27 20:00:03,822 [INFO ]  Epoch: 31, Train Loss: 0.0110, Validate Loss: 0.0158
2021-03-27 20:00:07,704 [INFO ]  Epoch: 32, Train Loss: 0.0106, Validate Loss: 0.0090
2021-03-27 20:00:11,606 [INFO ]  Epoch: 33, Train Loss: 0.0111, Validate Loss: 0.0147
2021-03-27 20:00:15,507 [INFO ]  Epoch: 34, Train Loss: 0.0111, Validate Loss: 0.0095
2021-03-27 20:00:19,415 [INFO ]  Epoch: 35, Train Loss: 0.0109, Validate Loss: 0.0132
2021-03-27 20:00:23,307 [INFO ]  Epoch: 36, Train Loss: 0.0107, Validate Loss: 0.0159
2021-03-27 20:00:27,213 [INFO ]  Epoch: 37, Train Loss: 0.0108, Validate Loss: 0.0164
2021-03-27 20:00:31,132 [INFO ]  Epoch: 38, Train Loss: 0.0114, Validate Loss: 0.0139
2021-03-27 20:00:35,036 [INFO ]  Epoch: 39, Train Loss: 0.0111, Validate Loss: 0.0083
2021-03-27 20:00:38,931 [INFO ]  Epoch: 40, Train Loss: 0.0116, Validate Loss: 0.0105
2021-03-27 20:00:42,827 [INFO ]  Epoch: 41, Train Loss: 0.0114, Validate Loss: 0.0097
2021-03-27 20:00:46,733 [INFO ]  Epoch: 42, Train Loss: 0.0101, Validate Loss: 0.0087
2021-03-27 20:00:50,654 [INFO ]  Epoch: 43, Train Loss: 0.0104, Validate Loss: 0.0099
2021-03-27 20:00:54,548 [INFO ]  Epoch: 44, Train Loss: 0.0103, Validate Loss: 0.0198
2021-03-27 20:00:58,465 [INFO ]  Epoch: 45, Train Loss: 0.0116, Validate Loss: 0.0098
2021-03-27 20:01:02,374 [INFO ]  Epoch: 46, Train Loss: 0.0110, Validate Loss: 0.0104
2021-03-27 20:01:06,293 [INFO ]  Epoch: 47, Train Loss: 0.0111, Validate Loss: 0.0228
2021-03-27 20:01:10,219 [INFO ]  Epoch: 48, Train Loss: 0.0111, Validate Loss: 0.0101
2021-03-27 20:01:14,117 [INFO ]  Epoch: 49, Train Loss: 0.0104, Validate Loss: 0.0090
2021-03-27 20:01:14,118 [INFO ]  Exporting model to ./data/value_function_model.pt
