2021-04-06 16:33:37,435 [WARNI]  From /home/tuero/Documents/cmput-651/project/UPSA/source/sampling.py:72: The name tf.variable_scope is deprecated. Please use tf.compat.v1.variable_scope instead.

2021-04-06 16:33:37,435 [WARNI]  From /home/tuero/Documents/cmput-651/project/UPSA/source/models.py:103: The name tf.placeholder is deprecated. Please use tf.compat.v1.placeholder instead.

2021-04-06 16:33:37,436 [WARNI]  From /home/tuero/Documents/cmput-651/project/UPSA/source/models.py:107: The name tf.get_variable is deprecated. Please use tf.compat.v1.get_variable instead.

2021-04-06 16:33:37,450 [WARNI]  
The TensorFlow contrib module will not be included in TensorFlow 2.0.
For more information, please see:
  * https://github.com/tensorflow/community/blob/master/rfcs/20180907-contrib-sunset.md
  * https://github.com/tensorflow/addons
  * https://github.com/tensorflow/io (for I/O related ops)
If you depend on functionality not listed there, please file an issue.

2021-04-06 16:33:37,839 [WARNI]  From /home/tuero/Documents/cmput-651/project/UPSA/source/models.py:117: The name tf.nn.xw_plus_b is deprecated. Please use tf.compat.v1.nn.xw_plus_b instead.

2021-04-06 16:33:37,848 [WARNI]  From /home/tuero/Documents/cmput-651/project/UPSA/source/models.py:135: The name tf.trainable_variables is deprecated. Please use tf.compat.v1.trainable_variables instead.

2021-04-06 16:33:38,048 [WARNI]  From /home/tuero/Documents/cmput-651/project/UPSA/source/models.py:138: The name tf.train.AdamOptimizer is deprecated. Please use tf.compat.v1.train.AdamOptimizer instead.

2021-04-06 16:33:38,048 [WARNI]  From /home/tuero/Documents/cmput-651/project/UPSA/source/models.py:141: The name tf.train.get_or_create_global_step is deprecated. Please use tf.compat.v1.train.get_or_create_global_step instead.

2021-04-06 16:33:38,413 [WARNI]  From /home/tuero/Documents/cmput-651/project/UPSA/source/sampling.py:79: The name tf.train.Saver is deprecated. Please use tf.compat.v1.train.Saver instead.

2021-04-06 16:33:39,099 [WARNI]  From /home/tuero/Documents/cmput-651/project/UPSA/source/sampling.py:90: The name tf.global_variables_initializer is deprecated. Please use tf.compat.v1.global_variables_initializer instead.

2021-04-06 16:33:39,407 [WARNI]  From /home/tuero/Documents/cmput-651/project/UPSA/source/sampling.py:95: The name tf.ConfigProto is deprecated. Please use tf.compat.v1.ConfigProto instead.

2021-04-06 16:33:39,407 [WARNI]  From /home/tuero/Documents/cmput-651/project/UPSA/source/sampling.py:97: The name tf.Session is deprecated. Please use tf.compat.v1.Session instead.

2021-04-06 16:33:42,827 [INFO ]  Restoring parameters from data/tfmodel/forward.ckpt
2021-04-06 16:33:42,946 [INFO ]  Restoring parameters from data/tfmodel/backward.ckpt
2021-04-06 16:33:52,151 [INFO ]  [0.0303 0.03   0.0297 0.0294 0.0291 0.0288 0.0285 0.0282 0.0279 0.0276
 0.0273 0.027  0.0267 0.0264 0.0261 0.0258 0.0255 0.0252 0.0249 0.0246
 0.0243 0.024  0.0237 0.0234 0.0231 0.0228 0.0225 0.0222 0.0219 0.0216
 0.0213 0.021  0.0207 0.0204 0.0201 0.0198 0.0195 0.0192 0.0189 0.0186
 0.0183 0.018  0.0177 0.0174 0.0171 0.0168 0.0165 0.0162 0.0159 0.0156
 0.0153 0.015  0.0147 0.0144 0.0141 0.0138 0.0135 0.0132 0.0129 0.0126
 0.0123 0.012  0.0117 0.0114 0.0111 0.0108 0.0105 0.0102 0.0099 0.0096
 0.0093 0.009  0.0087 0.0084 0.0081 0.0078 0.0075 0.0072 0.0069 0.0066
 0.0063 0.006  0.0057 0.0054 0.0051 0.0048 0.0045 0.0042 0.0039 0.0036
 0.0033 0.003  0.0027 0.0024 0.0021 0.0018 0.0015 0.0012 0.0009 0.0006]
2021-04-06 16:33:52,152 [INFO ]  Operating in range of [0, 250)
2021-04-06 16:33:52,152 [INFO ]  ----------------
2021-04-06 16:33:52,152 [INFO ]  Item 0 of 20000
2021-04-06 16:33:52,152 [INFO ]  what is the best english translation of the bhagavad gita
2021-04-06 16:33:52,153 [INFO ]  [0, 0, 0, 0, 1, 1, 0, 0, 1, 1, 0, 0, 0, 0]
2021-04-06 16:33:57,826 [INFO ]  ----------------
2021-04-06 16:33:57,826 [INFO ]  Item 1 of 20000
2021-04-06 16:33:57,826 [INFO ]  quora kept refreshing on its own . is this a normal thing or is
2021-04-06 16:33:57,826 [INFO ]  [1, 0, 1, 0, 0, 0, 0, 0, 0, 0, 1, 1, 0, 0]
2021-04-06 16:34:02,479 [INFO ]  ----------------
2021-04-06 16:34:02,480 [INFO ]  Item 2 of 20000
2021-04-06 16:34:02,480 [INFO ]  what is it like to study in mcgill university
2021-04-06 16:34:02,480 [INFO ]  [0, 0, 0, 0, 0, 1, 0, 1, 1, 0, 0, 0, 0, 0]
2021-04-06 16:34:07,337 [INFO ]  ----------------
2021-04-06 16:34:07,337 [INFO ]  Item 3 of 20000
2021-04-06 16:34:07,337 [INFO ]  has ancient persia been scientifically tested
2021-04-06 16:34:07,337 [INFO ]  [0, 1, 1, 0, 1, 0, 0, 0, 0, 0, 0, 0, 0, 0]
2021-04-06 16:34:11,130 [INFO ]  ----------------
2021-04-06 16:34:11,130 [INFO ]  Item 4 of 20000
2021-04-06 16:34:11,130 [INFO ]  how can i see who my boyfriend views on instagram
2021-04-06 16:34:11,130 [INFO ]  [0, 0, 0, 0, 0, 0, 1, 1, 0, 1, 0, 0, 0, 0]
2021-04-06 16:34:16,157 [INFO ]  ----------------
2021-04-06 16:34:16,157 [INFO ]  Item 5 of 20000
2021-04-06 16:34:16,157 [INFO ]  what boo influenced you most as a child
2021-04-06 16:34:16,157 [INFO ]  [0, 1, 1, 0, 0, 0, 0, 1, 0, 0, 0, 0, 0, 0]
2021-04-06 16:34:20,716 [INFO ]  ----------------
2021-04-06 16:34:20,717 [INFO ]  Item 6 of 20000
2021-04-06 16:34:20,717 [INFO ]  how or where did you meet your spouse / partner
2021-04-06 16:34:20,717 [INFO ]  [0, 0, 0, 0, 0, 1, 0, 1, 1, 1, 0, 0, 0, 0]
2021-04-06 16:34:25,633 [INFO ]  ----------------
2021-04-06 16:34:25,634 [INFO ]  Item 7 of 20000
2021-04-06 16:34:25,634 [INFO ]  what are the causes and origins of anti UNK
2021-04-06 16:34:25,634 [INFO ]  [0, 0, 0, 0, 0, 1, 0, 1, 1, 0, 0, 0, 0, 0]
2021-04-06 16:34:31,043 [INFO ]  ----------------
2021-04-06 16:34:31,043 [INFO ]  Item 8 of 20000
2021-04-06 16:34:31,044 [INFO ]  why isn 't my question answered on quora
2021-04-06 16:34:31,044 [INFO ]  [0, 1, 0, 0, 1, 1, 0, 1, 0, 0, 0, 0, 0, 0]
2021-04-06 16:34:35,531 [INFO ]  ----------------
2021-04-06 16:34:35,531 [INFO ]  Item 9 of 20000
2021-04-06 16:34:35,532 [INFO ]  why is the desert eagle 50 banned in california
2021-04-06 16:34:35,532 [INFO ]  [0, 0, 0, 1, 1, 1, 1, 0, 0, 0, 0, 0, 0, 0]
2021-04-06 16:34:39,811 [INFO ]  ----------------
2021-04-06 16:34:39,811 [INFO ]  Item 10 of 20000
2021-04-06 16:34:39,811 [INFO ]  where can i get comprehensive written advice in sydney for any property transaction
2021-04-06 16:34:39,812 [INFO ]  [0, 0, 0, 0, 1, 1, 1, 0, 1, 0, 0, 1, 1, 0]
2021-04-06 16:34:43,455 [INFO ]  ----------------
2021-04-06 16:34:43,455 [INFO ]  Item 11 of 20000
2021-04-06 16:34:43,455 [INFO ]  what are the biggest UNK and UNK about life as a foreigner in singapore
2021-04-06 16:34:43,455 [INFO ]  [0, 0, 0, 1, 1, 0, 1, 0, 1, 0, 0, 1, 0, 1]
2021-04-06 16:34:47,206 [INFO ]  ----------------
2021-04-06 16:34:47,206 [INFO ]  Item 12 of 20000
2021-04-06 16:34:47,206 [INFO ]  why do all the android devices have the same type of charging slot
2021-04-06 16:34:47,206 [INFO ]  [0, 0, 0, 0, 1, 1, 0, 0, 0, 1, 0, 1, 1, 0]
2021-04-06 16:34:52,563 [INFO ]  ----------------
2021-04-06 16:34:52,563 [INFO ]  Item 13 of 20000
2021-04-06 16:34:52,563 [INFO ]  can UNK treat a staph infection
2021-04-06 16:34:52,563 [INFO ]  [0, 1, 1, 0, 1, 0, 0, 0, 0, 0, 0, 0, 0, 0]
2021-04-06 16:34:56,677 [INFO ]  ----------------
2021-04-06 16:34:56,677 [INFO ]  Item 14 of 20000
2021-04-06 16:34:56,678 [INFO ]  how can a common , middle class young indian meet prime minister narendra modi
2021-04-06 16:34:56,678 [INFO ]  [0, 0, 0, 1, 0, 0, 0, 0, 0, 0, 0, 0, 0, 0]
2021-04-06 16:35:00,319 [INFO ]  ----------------
2021-04-06 16:35:00,319 [INFO ]  Item 15 of 20000
2021-04-06 16:35:00,319 [INFO ]  does all muslims hate narendra modi
2021-04-06 16:35:00,319 [INFO ]  [0, 0, 1, 1, 1, 0, 0, 0, 0, 0, 0, 0, 0, 0]
2021-04-06 16:35:04,598 [INFO ]  ----------------
2021-04-06 16:35:04,604 [INFO ]  Item 16 of 20000
2021-04-06 16:35:04,604 [INFO ]  how do i know someone blocked me on facebook
2021-04-06 16:35:04,604 [INFO ]  [0, 0, 0, 0, 0, 1, 0, 0, 1, 0, 0, 0, 0, 0]
2021-04-06 16:35:09,576 [INFO ]  ----------------
2021-04-06 16:35:09,576 [INFO ]  Item 17 of 20000
2021-04-06 16:35:09,576 [INFO ]  why is the government abruptly banning the 500 rupees and the 1000 rupees currency
2021-04-06 16:35:09,576 [INFO ]  [0, 0, 0, 1, 1, 1, 0, 1, 1, 0, 0, 1, 1, 0]
2021-04-06 16:35:13,113 [INFO ]  ----------------
2021-04-06 16:35:13,113 [INFO ]  Item 18 of 20000
2021-04-06 16:35:13,113 [INFO ]  what 's the best way to deactivate a verizon phone
2021-04-06 16:35:13,113 [INFO ]  [0, 0, 0, 0, 0, 0, 1, 0, 1, 1, 0, 0, 0, 0]
2021-04-06 16:35:18,089 [INFO ]  ----------------
2021-04-06 16:35:18,089 [INFO ]  Item 19 of 20000
2021-04-06 16:35:18,090 [INFO ]  catholics : how do i stop watching internet porn
2021-04-06 16:35:18,090 [INFO ]  [1, 0, 0, 0, 0, 1, 1, 1, 0, 0, 0, 0, 0, 0]
2021-04-06 16:35:22,893 [INFO ]  ----------------
2021-04-06 16:35:22,893 [INFO ]  Item 20 of 20000
2021-04-06 16:35:22,893 [INFO ]  what is the best coaching institute for gmat in delhi ncr region
2021-04-06 16:35:22,893 [INFO ]  [0, 0, 0, 0, 1, 1, 0, 1, 0, 1, 1, 1, 0, 0]
2021-04-06 16:35:28,638 [INFO ]  ----------------
2021-04-06 16:35:28,638 [INFO ]  Item 21 of 20000
2021-04-06 16:35:28,638 [INFO ]  how can i realistically make money online
2021-04-06 16:35:28,638 [INFO ]  [0, 0, 0, 1, 1, 1, 0, 0, 0, 0, 0, 0, 0, 0]
2021-04-06 16:35:32,604 [INFO ]  ----------------
2021-04-06 16:35:32,604 [INFO ]  Item 22 of 20000
2021-04-06 16:35:32,605 [INFO ]  how do i format a windows 8 . 1 laptop
2021-04-06 16:35:32,605 [INFO ]  [0, 0, 0, 1, 0, 1, 1, 0, 1, 1, 0, 0, 0, 0]
2021-04-06 16:35:37,808 [INFO ]  ----------------
2021-04-06 16:35:37,808 [INFO ]  Item 23 of 20000
2021-04-06 16:35:37,808 [INFO ]  does barley tea make you urinate more
2021-04-06 16:35:37,808 [INFO ]  [0, 1, 1, 1, 0, 0, 0, 0, 0, 0, 0, 0, 0, 0]
2021-04-06 16:35:42,222 [INFO ]  ----------------
2021-04-06 16:35:42,228 [INFO ]  Item 24 of 20000
2021-04-06 16:35:42,228 [INFO ]  is it wise to buy a ticket at airport
2021-04-06 16:35:42,228 [INFO ]  [0, 0, 1, 0, 1, 0, 1, 0, 1, 0, 0, 0, 0, 0]
2021-04-06 16:35:47,432 [INFO ]  ----------------
2021-04-06 16:35:47,432 [INFO ]  Item 25 of 20000
2021-04-06 16:35:47,432 [INFO ]  what programming languages are best to learn
2021-04-06 16:35:47,432 [INFO ]  [0, 1, 1, 0, 0, 0, 1, 0, 0, 0, 0, 0, 0, 0]
2021-04-06 16:35:51,614 [INFO ]  ----------------
2021-04-06 16:35:51,614 [INFO ]  Item 26 of 20000
2021-04-06 16:35:51,614 [INFO ]  what is a master 's degree
2021-04-06 16:35:51,614 [INFO ]  [0, 0, 0, 1, 0, 1, 0, 0, 0, 0, 0, 0, 0, 0]
2021-04-06 16:35:55,811 [INFO ]  ----------------
2021-04-06 16:35:55,812 [INFO ]  Item 27 of 20000
2021-04-06 16:35:55,812 [INFO ]  how can i reduce my sleeping time and concentrate on my studies
2021-04-06 16:35:55,812 [INFO ]  [0, 0, 0, 1, 0, 1, 1, 0, 1, 0, 0, 1, 0, 0]
2021-04-06 16:36:00,946 [INFO ]  ----------------
2021-04-06 16:36:00,946 [INFO ]  Item 28 of 20000
2021-04-06 16:36:00,946 [INFO ]  what 's the best way to get 1000 + likes for a facebook page
2021-04-06 16:36:00,946 [INFO ]  [0, 0, 0, 0, 0, 0, 0, 1, 1, 1, 0, 0, 1, 1]
2021-04-06 16:36:04,750 [INFO ]  ----------------
2021-04-06 16:36:04,750 [INFO ]  Item 29 of 20000
2021-04-06 16:36:04,750 [INFO ]  how do you know if a man truly loves you
2021-04-06 16:36:04,750 [INFO ]  [0, 0, 0, 0, 0, 0, 1, 0, 1, 0, 0, 0, 0, 0]
2021-04-06 16:36:09,438 [INFO ]  ----------------
2021-04-06 16:36:09,439 [INFO ]  Item 30 of 20000
2021-04-06 16:36:09,439 [INFO ]  what do i have to do to relax during sex
2021-04-06 16:36:09,439 [INFO ]  [0, 0, 0, 0, 0, 0, 0, 1, 0, 1, 0, 0, 0, 0]
2021-04-06 16:36:14,057 [INFO ]  ----------------
2021-04-06 16:36:14,057 [INFO ]  Item 31 of 20000
2021-04-06 16:36:14,057 [INFO ]  what is the best way to learn about stock markets
2021-04-06 16:36:14,057 [INFO ]  [0, 0, 0, 0, 0, 0, 1, 0, 1, 1, 0, 0, 0, 0]
2021-04-06 16:36:19,063 [INFO ]  ----------------
2021-04-06 16:36:19,063 [INFO ]  Item 32 of 20000
2021-04-06 16:36:19,063 [INFO ]  how do i approach a sponsor for a college fest
2021-04-06 16:36:19,064 [INFO ]  [0, 0, 0, 1, 0, 1, 0, 0, 1, 1, 0, 0, 0, 0]
2021-04-06 16:36:24,604 [INFO ]  ----------------
2021-04-06 16:36:24,604 [INFO ]  Item 33 of 20000
2021-04-06 16:36:24,605 [INFO ]  how can modi government prevent black money by discontinuing 500 and 1000 notes
2021-04-06 16:36:24,605 [INFO ]  [0, 0, 1, 1, 1, 1, 1, 0, 1, 0, 0, 0, 0, 0]
2021-04-06 16:36:27,440 [INFO ]  ----------------
2021-04-06 16:36:27,440 [INFO ]  Item 34 of 20000
2021-04-06 16:36:27,440 [INFO ]  what is the best demanding automation testing tool in market
2021-04-06 16:36:27,440 [INFO ]  [0, 0, 0, 0, 1, 1, 1, 1, 0, 1, 0, 0, 0, 0]
2021-04-06 16:36:32,682 [INFO ]  ----------------
2021-04-06 16:36:32,682 [INFO ]  Item 35 of 20000
2021-04-06 16:36:32,682 [INFO ]  why don 't americans use the metric system
2021-04-06 16:36:32,682 [INFO ]  [0, 1, 0, 1, 0, 0, 1, 1, 0, 0, 0, 0, 0, 0]
2021-04-06 16:36:36,940 [INFO ]  ----------------
2021-04-06 16:36:36,940 [INFO ]  Item 36 of 20000
2021-04-06 16:36:36,940 [INFO ]  what should be the first question to ask on quora
2021-04-06 16:36:36,940 [INFO ]  [0, 0, 0, 0, 0, 1, 0, 0, 0, 1, 0, 0, 0, 0]
2021-04-06 16:36:42,253 [INFO ]  ----------------
2021-04-06 16:36:42,254 [INFO ]  Item 37 of 20000
2021-04-06 16:36:42,254 [INFO ]  what do you feel is the purpose of life
2021-04-06 16:36:42,254 [INFO ]  [0, 0, 0, 1, 0, 0, 1, 0, 1, 0, 0, 0, 0, 0]
2021-04-06 16:36:47,153 [INFO ]  ----------------
2021-04-06 16:36:47,154 [INFO ]  Item 38 of 20000
2021-04-06 16:36:47,154 [INFO ]  how do i delete an account on instagram if i can 't remember the
2021-04-06 16:36:47,154 [INFO ]  [0, 0, 0, 1, 0, 1, 0, 1, 0, 0, 0, 0, 1, 0]
2021-04-06 16:36:50,696 [INFO ]  ----------------
2021-04-06 16:36:50,696 [INFO ]  Item 39 of 20000
2021-04-06 16:36:50,697 [INFO ]  why are supply and demand curves depicted as straight lines
2021-04-06 16:36:50,697 [INFO ]  [0, 0, 1, 0, 1, 1, 1, 0, 1, 0, 0, 0, 0, 0]
2021-04-06 16:36:55,043 [INFO ]  ----------------
2021-04-06 16:36:55,043 [INFO ]  Item 40 of 20000
2021-04-06 16:36:55,043 [INFO ]  what is the best compliment you ever got from anyone
2021-04-06 16:36:55,043 [INFO ]  [0, 0, 0, 0, 1, 0, 0, 0, 0, 0, 0, 0, 0, 0]
2021-04-06 16:37:00,052 [INFO ]  ----------------
2021-04-06 16:37:00,052 [INFO ]  Item 41 of 20000
2021-04-06 16:37:00,052 [INFO ]  can anyone be an entrepreneur what does it take
2021-04-06 16:37:00,052 [INFO ]  [0, 0, 0, 0, 1, 0, 0, 0, 0, 0, 0, 0, 0, 0]
2021-04-06 16:37:05,134 [INFO ]  ----------------
2021-04-06 16:37:05,135 [INFO ]  Item 42 of 20000
2021-04-06 16:37:05,135 [INFO ]  how do i start learning programming while having a full time job
2021-04-06 16:37:05,135 [INFO ]  [0, 0, 0, 1, 1, 1, 0, 0, 0, 1, 1, 1, 0, 0]
2021-04-06 16:37:10,289 [INFO ]  ----------------
2021-04-06 16:37:10,289 [INFO ]  Item 43 of 20000
2021-04-06 16:37:10,289 [INFO ]  when will apple launch iphone 7
2021-04-06 16:37:10,289 [INFO ]  [0, 0, 1, 1, 1, 0, 0, 0, 0, 0, 0, 0, 0, 0]
2021-04-06 16:37:14,275 [INFO ]  ----------------
2021-04-06 16:37:14,275 [INFO ]  Item 44 of 20000
2021-04-06 16:37:14,276 [INFO ]  why we spend time in answering questions on quora
2021-04-06 16:37:14,276 [INFO ]  [0, 0, 1, 1, 0, 1, 1, 0, 0, 0, 0, 0, 0, 0]
2021-04-06 16:37:18,909 [INFO ]  ----------------
2021-04-06 16:37:18,909 [INFO ]  Item 45 of 20000
2021-04-06 16:37:18,909 [INFO ]  can you suggest a best budget phone below 15k
2021-04-06 16:37:18,909 [INFO ]  [0, 0, 1, 0, 0, 1, 1, 0, 1, 0, 0, 0, 0, 0]
2021-04-06 16:37:24,198 [INFO ]  ----------------
2021-04-06 16:37:24,198 [INFO ]  Item 46 of 20000
2021-04-06 16:37:24,199 [INFO ]  is an airborne aircraft carrier possible from an engineering standpoint
2021-04-06 16:37:24,199 [INFO ]  [0, 0, 1, 1, 1, 0, 0, 0, 1, 1, 0, 0, 0, 0]
2021-04-06 16:37:29,868 [INFO ]  ----------------
2021-04-06 16:37:29,868 [INFO ]  Item 47 of 20000
2021-04-06 16:37:29,868 [INFO ]  what questions do people have about natural remedies
2021-04-06 16:37:29,868 [INFO ]  [0, 1, 0, 1, 0, 0, 1, 1, 0, 0, 0, 0, 0, 0]
2021-04-06 16:37:34,611 [INFO ]  ----------------
2021-04-06 16:37:34,611 [INFO ]  Item 48 of 20000
2021-04-06 16:37:34,611 [INFO ]  which is the best book to learn python
2021-04-06 16:37:34,611 [INFO ]  [0, 0, 0, 0, 1, 0, 1, 1, 0, 0, 0, 0, 0, 0]
2021-04-06 16:37:39,466 [INFO ]  ----------------
2021-04-06 16:37:39,466 [INFO ]  Item 49 of 20000
2021-04-06 16:37:39,466 [INFO ]  how do you build your first pc
2021-04-06 16:37:39,466 [INFO ]  [0, 0, 0, 1, 0, 0, 1, 0, 0, 0, 0, 0, 0, 0]
2021-04-06 16:37:43,406 [INFO ]  ----------------
2021-04-06 16:37:43,407 [INFO ]  Item 50 of 20000
2021-04-06 16:37:43,407 [INFO ]  how does the ban on 500 and 1000 rupee notes helps to identify black
2021-04-06 16:37:43,407 [INFO ]  [0, 0, 0, 1, 0, 1, 0, 1, 1, 1, 1, 0, 1, 0]
2021-04-06 16:37:46,892 [INFO ]  ----------------
2021-04-06 16:37:46,892 [INFO ]  Item 51 of 20000
2021-04-06 16:37:46,892 [INFO ]  how do i ask questions in a smart way
2021-04-06 16:37:46,892 [INFO ]  [0, 0, 0, 0, 1, 0, 0, 1, 0, 0, 0, 0, 0, 0]
2021-04-06 16:37:51,770 [INFO ]  ----------------
2021-04-06 16:37:51,771 [INFO ]  Item 52 of 20000
2021-04-06 16:37:51,771 [INFO ]  what is the basic difference between transition and diffusion capacitance
2021-04-06 16:37:51,771 [INFO ]  [0, 0, 0, 1, 1, 0, 1, 0, 1, 1, 0, 0, 0, 0]
2021-04-06 16:37:56,661 [INFO ]  ----------------
2021-04-06 16:37:56,661 [INFO ]  Item 53 of 20000
2021-04-06 16:37:56,661 [INFO ]  what is difference between UNK and UNK
2021-04-06 16:37:56,661 [INFO ]  [0, 0, 1, 0, 1, 0, 1, 0, 0, 0, 0, 0, 0, 0]
2021-04-06 16:38:01,041 [INFO ]  ----------------
2021-04-06 16:38:01,041 [INFO ]  Item 54 of 20000
2021-04-06 16:38:01,041 [INFO ]  how i can ask question on quora
2021-04-06 16:38:01,042 [INFO ]  [0, 0, 0, 0, 1, 0, 1, 0, 0, 0, 0, 0, 0, 0]
2021-04-06 16:38:05,619 [INFO ]  ----------------
2021-04-06 16:38:05,619 [INFO ]  Item 55 of 20000
2021-04-06 16:38:05,619 [INFO ]  if there is one thing you could change about yourself what would it be
2021-04-06 16:38:05,619 [INFO ]  [0, 0, 0, 0, 1, 0, 0, 1, 0, 0, 0, 0, 0, 0]
2021-04-06 16:38:09,370 [INFO ]  ----------------
2021-04-06 16:38:09,371 [INFO ]  Item 56 of 20000
2021-04-06 16:38:09,371 [INFO ]  what are some interesting things i can do when i am bored and home
2021-04-06 16:38:09,371 [INFO ]  [0, 0, 0, 1, 1, 0, 0, 0, 0, 0, 0, 1, 0, 1]
2021-04-06 16:38:13,223 [INFO ]  ----------------
2021-04-06 16:38:13,223 [INFO ]  Item 57 of 20000
2021-04-06 16:38:13,223 [INFO ]  does throwing up help you lose weight
2021-04-06 16:38:13,223 [INFO ]  [0, 1, 0, 0, 0, 1, 1, 0, 0, 0, 0, 0, 0, 0]
2021-04-06 16:38:17,516 [INFO ]  ----------------
2021-04-06 16:38:17,516 [INFO ]  Item 58 of 20000
2021-04-06 16:38:17,517 [INFO ]  do you think trump will be the next president
2021-04-06 16:38:17,517 [INFO ]  [0, 0, 0, 1, 0, 0, 0, 0, 1, 0, 0, 0, 0, 0]
2021-04-06 16:38:22,304 [INFO ]  ----------------
2021-04-06 16:38:22,304 [INFO ]  Item 59 of 20000
2021-04-06 16:38:22,304 [INFO ]  how can i improve my communication skills in english
2021-04-06 16:38:22,304 [INFO ]  [0, 0, 0, 1, 0, 1, 1, 0, 1, 0, 0, 0, 0, 0]
2021-04-06 16:38:27,000 [INFO ]  ----------------
2021-04-06 16:38:27,000 [INFO ]  Item 60 of 20000
2021-04-06 16:38:27,001 [INFO ]  i know some people that still believe the earth is flat . why
2021-04-06 16:38:27,001 [INFO ]  [0, 0, 0, 1, 0, 0, 0, 0, 1, 0, 1, 0, 0, 0]
2021-04-06 16:38:30,801 [INFO ]  ----------------
2021-04-06 16:38:30,801 [INFO ]  Item 61 of 20000
2021-04-06 16:38:30,801 [INFO ]  what is contained in green coffee that helps you lose weight
2021-04-06 16:38:30,801 [INFO ]  [0, 0, 1, 0, 1, 1, 0, 1, 0, 1, 0, 0, 0, 0]
2021-04-06 16:38:36,139 [INFO ]  ----------------
2021-04-06 16:38:36,139 [INFO ]  Item 62 of 20000
2021-04-06 16:38:36,139 [INFO ]  could a billionaire single UNK screw with a country 's economy
2021-04-06 16:38:36,139 [INFO ]  [0, 0, 1, 1, 1, 1, 0, 0, 1, 0, 1, 0, 0, 0]
2021-04-06 16:38:40,416 [INFO ]  ----------------
2021-04-06 16:38:40,416 [INFO ]  Item 63 of 20000
2021-04-06 16:38:40,416 [INFO ]  how can i put itunes music on my computer
2021-04-06 16:38:40,416 [INFO ]  [0, 0, 0, 1, 1, 1, 0, 0, 1, 0, 0, 0, 0, 0]
2021-04-06 16:38:45,622 [INFO ]  ----------------
2021-04-06 16:38:45,622 [INFO ]  Item 64 of 20000
2021-04-06 16:38:45,622 [INFO ]  how likely is world war iii in the future
2021-04-06 16:38:45,622 [INFO ]  [0, 0, 0, 1, 1, 1, 0, 0, 1, 0, 0, 0, 0, 0]
2021-04-06 16:38:50,404 [INFO ]  ----------------
2021-04-06 16:38:50,404 [INFO ]  Item 65 of 20000
2021-04-06 16:38:50,404 [INFO ]  will we get more and more dark energy and vacuum energy as universe expands
2021-04-06 16:38:50,404 [INFO ]  [0, 0, 0, 0, 0, 0, 1, 1, 0, 1, 1, 0, 1, 1]
2021-04-06 16:38:53,444 [INFO ]  ----------------
2021-04-06 16:38:53,444 [INFO ]  Item 66 of 20000
2021-04-06 16:38:53,444 [INFO ]  what programming language should i learn if i want to create games
2021-04-06 16:38:53,444 [INFO ]  [0, 1, 1, 0, 0, 1, 0, 0, 0, 0, 1, 1, 0, 0]
2021-04-06 16:38:58,223 [INFO ]  ----------------
2021-04-06 16:38:58,223 [INFO ]  Item 67 of 20000
2021-04-06 16:38:58,223 [INFO ]  what are the best one liners you have ever come across
2021-04-06 16:38:58,223 [INFO ]  [0, 0, 0, 0, 0, 1, 0, 0, 0, 0, 0, 0, 0, 0]
2021-04-06 16:39:03,468 [INFO ]  ----------------
2021-04-06 16:39:03,468 [INFO ]  Item 68 of 20000
2021-04-06 16:39:03,469 [INFO ]  why is saltwater taffy candy imported in germany
2021-04-06 16:39:03,469 [INFO ]  [0, 0, 1, 1, 1, 1, 0, 0, 0, 0, 0, 0, 0, 0]
2021-04-06 16:39:08,064 [INFO ]  ----------------
2021-04-06 16:39:08,064 [INFO ]  Item 69 of 20000
2021-04-06 16:39:08,064 [INFO ]  i ' m 18 . how can i make money online
2021-04-06 16:39:08,064 [INFO ]  [0, 0, 0, 1, 0, 0, 0, 0, 1, 1, 1, 0, 0, 0]
2021-04-06 16:39:12,934 [INFO ]  ----------------
2021-04-06 16:39:12,934 [INFO ]  Item 70 of 20000
2021-04-06 16:39:12,934 [INFO ]  how can i speak english more fluently
2021-04-06 16:39:12,934 [INFO ]  [0, 0, 0, 1, 1, 0, 1, 0, 0, 0, 0, 0, 0, 0]
2021-04-06 16:39:16,798 [INFO ]  ----------------
2021-04-06 16:39:16,798 [INFO ]  Item 71 of 20000
2021-04-06 16:39:16,798 [INFO ]  is the chaotic nature of a strongly interacting dark matter responsible for the casimir
2021-04-06 16:39:16,798 [INFO ]  [0, 0, 1, 1, 0, 0, 1, 1, 1, 1, 1, 0, 0, 0]
2021-04-06 16:39:20,354 [INFO ]  ----------------
2021-04-06 16:39:20,354 [INFO ]  Item 72 of 20000
2021-04-06 16:39:20,354 [INFO ]  what are some mind blowing pc tools that exist that most people don 't
2021-04-06 16:39:20,354 [INFO ]  [0, 0, 0, 1, 1, 1, 1, 0, 1, 0, 0, 1, 1, 0]
2021-04-06 16:39:24,204 [INFO ]  ----------------
2021-04-06 16:39:24,204 [INFO ]  Item 73 of 20000
2021-04-06 16:39:24,204 [INFO ]  how is life at university college of medical sciences , delhi
2021-04-06 16:39:24,204 [INFO ]  [0, 0, 1, 0, 1, 1, 0, 1, 1, 0, 0, 0, 0, 0]
2021-04-06 16:39:27,751 [INFO ]  ----------------
2021-04-06 16:39:27,751 [INFO ]  Item 74 of 20000
2021-04-06 16:39:27,751 [INFO ]  what 's your new year resolution for 2017
2021-04-06 16:39:27,751 [INFO ]  [0, 0, 0, 0, 1, 1, 0, 1, 0, 0, 0, 0, 0, 0]
2021-04-06 16:39:32,347 [INFO ]  ----------------
2021-04-06 16:39:32,347 [INFO ]  Item 75 of 20000
2021-04-06 16:39:32,348 [INFO ]  how do i start learning passionate programming from zero abilities
2021-04-06 16:39:32,348 [INFO ]  [0, 0, 0, 1, 1, 1, 1, 0, 0, 1, 0, 0, 0, 0]
2021-04-06 16:39:37,818 [INFO ]  ----------------
2021-04-06 16:39:37,818 [INFO ]  Item 76 of 20000
2021-04-06 16:39:37,818 [INFO ]  what is the best web scraping tutorial with python
2021-04-06 16:39:37,818 [INFO ]  [0, 0, 0, 0, 1, 1, 1, 0, 1, 0, 0, 0, 0, 0]
2021-04-06 16:39:43,157 [INFO ]  ----------------
2021-04-06 16:39:43,157 [INFO ]  Item 77 of 20000
2021-04-06 16:39:43,157 [INFO ]  what were the results and consequences of the french revolution
2021-04-06 16:39:43,157 [INFO ]  [0, 0, 0, 1, 0, 1, 0, 0, 1, 1, 0, 0, 0, 0]
2021-04-06 16:39:48,607 [INFO ]  ----------------
2021-04-06 16:39:48,607 [INFO ]  Item 78 of 20000
2021-04-06 16:39:48,607 [INFO ]  how can i increase the traffic on a site
2021-04-06 16:39:48,607 [INFO ]  [0, 0, 0, 1, 0, 1, 0, 0, 1, 0, 0, 0, 0, 0]
2021-04-06 16:39:53,782 [INFO ]  ----------------
2021-04-06 16:39:53,783 [INFO ]  Item 79 of 20000
2021-04-06 16:39:53,783 [INFO ]  what is an object in c + +
2021-04-06 16:39:53,783 [INFO ]  [0, 0, 0, 1, 0, 0, 1, 1, 0, 0, 0, 0, 0, 0]
2021-04-06 16:39:58,790 [INFO ]  ----------------
2021-04-06 16:39:58,791 [INFO ]  Item 80 of 20000
2021-04-06 16:39:58,791 [INFO ]  what are some mindblowing facts about steve jobs
2021-04-06 16:39:58,791 [INFO ]  [0, 0, 0, 1, 1, 0, 1, 1, 0, 0, 0, 0, 0, 0]
2021-04-06 16:40:02,881 [INFO ]  ----------------
2021-04-06 16:40:02,881 [INFO ]  Item 81 of 20000
2021-04-06 16:40:02,881 [INFO ]  what 's it like being a pornstar
2021-04-06 16:40:02,881 [INFO ]  [0, 0, 0, 0, 0, 0, 1, 0, 0, 0, 0, 0, 0, 0]
2021-04-06 16:40:07,284 [INFO ]  ----------------
2021-04-06 16:40:07,284 [INFO ]  Item 82 of 20000
2021-04-06 16:40:07,284 [INFO ]  what is the best movie that didn 't win an oscar
2021-04-06 16:40:07,284 [INFO ]  [0, 0, 0, 0, 1, 0, 1, 0, 1, 0, 1, 0, 0, 0]
2021-04-06 16:40:11,565 [INFO ]  ----------------
2021-04-06 16:40:11,566 [INFO ]  Item 83 of 20000
2021-04-06 16:40:11,566 [INFO ]  how do i get a money order
2021-04-06 16:40:11,566 [INFO ]  [0, 0, 0, 0, 0, 1, 1, 0, 0, 0, 0, 0, 0, 0]
2021-04-06 16:40:15,878 [INFO ]  ----------------
2021-04-06 16:40:15,878 [INFO ]  Item 84 of 20000
2021-04-06 16:40:15,878 [INFO ]  how do i identify fake people
2021-04-06 16:40:15,878 [INFO ]  [0, 0, 0, 1, 1, 1, 0, 0, 0, 0, 0, 0, 0, 0]
2021-04-06 16:40:19,345 [INFO ]  ----------------
2021-04-06 16:40:19,345 [INFO ]  Item 85 of 20000
2021-04-06 16:40:19,345 [INFO ]  what are the countries that were never colonized ( in the UNK sense of
2021-04-06 16:40:19,345 [INFO ]  [0, 0, 0, 1, 0, 0, 0, 1, 0, 0, 0, 1, 1, 0]
2021-04-06 16:40:23,138 [INFO ]  ----------------
2021-04-06 16:40:23,138 [INFO ]  Item 86 of 20000
2021-04-06 16:40:23,138 [INFO ]  who will win if a war came between india and pakistan
2021-04-06 16:40:23,138 [INFO ]  [0, 0, 1, 0, 0, 1, 0, 0, 1, 0, 1, 0, 0, 0]
2021-04-06 16:40:28,756 [INFO ]  ----------------
2021-04-06 16:40:28,756 [INFO ]  Item 87 of 20000
2021-04-06 16:40:28,756 [INFO ]  how can i be a porn actor
2021-04-06 16:40:28,756 [INFO ]  [0, 0, 0, 0, 0, 1, 1, 0, 0, 0, 0, 0, 0, 0]
2021-04-06 16:40:33,922 [INFO ]  ----------------
2021-04-06 16:40:33,922 [INFO ]  Item 88 of 20000
2021-04-06 16:40:33,922 [INFO ]  why india can 't ban chinese products
2021-04-06 16:40:33,923 [INFO ]  [0, 1, 0, 0, 1, 1, 1, 0, 0, 0, 0, 0, 0, 0]
2021-04-06 16:40:38,174 [INFO ]  ----------------
2021-04-06 16:40:38,174 [INFO ]  Item 89 of 20000
2021-04-06 16:40:38,174 [INFO ]  how can i reset my gmail password if i don 't remember my recovery
2021-04-06 16:40:38,174 [INFO ]  [0, 0, 0, 1, 0, 1, 1, 0, 0, 1, 0, 1, 0, 1]
2021-04-06 16:40:42,149 [INFO ]  ----------------
2021-04-06 16:40:42,149 [INFO ]  Item 90 of 20000
2021-04-06 16:40:42,149 [INFO ]  what is the best programming language for beginners to learn
2021-04-06 16:40:42,149 [INFO ]  [0, 0, 0, 0, 1, 1, 0, 1, 0, 1, 0, 0, 0, 0]
2021-04-06 16:40:47,187 [INFO ]  ----------------
2021-04-06 16:40:47,187 [INFO ]  Item 91 of 20000
2021-04-06 16:40:47,187 [INFO ]  how can i make sure i go to the gym every day
2021-04-06 16:40:47,187 [INFO ]  [0, 0, 0, 1, 0, 0, 0, 0, 0, 1, 0, 1, 0, 0]
2021-04-06 16:40:51,452 [INFO ]  ----------------
2021-04-06 16:40:51,452 [INFO ]  Item 92 of 20000
2021-04-06 16:40:51,452 [INFO ]  how did hillary clinton win the popular vote but donald trump win the election
2021-04-06 16:40:51,452 [INFO ]  [0, 0, 1, 1, 1, 0, 1, 1, 0, 1, 1, 0, 0, 0]
2021-04-06 16:40:55,200 [INFO ]  ----------------
2021-04-06 16:40:55,200 [INFO ]  Item 93 of 20000
2021-04-06 16:40:55,200 [INFO ]  how can i make myself to get out of my super comfort zone
2021-04-06 16:40:55,200 [INFO ]  [0, 0, 0, 1, 0, 0, 0, 0, 0, 0, 1, 1, 1, 0]
2021-04-06 16:40:59,801 [INFO ]  ----------------
2021-04-06 16:40:59,801 [INFO ]  Item 94 of 20000
2021-04-06 16:40:59,801 [INFO ]  where can i found long lasting fire shutters in sydney
2021-04-06 16:40:59,801 [INFO ]  [0, 0, 0, 1, 1, 1, 1, 1, 0, 0, 0, 0, 0, 0]
2021-04-06 16:41:04,673 [INFO ]  ----------------
2021-04-06 16:41:04,673 [INFO ]  Item 95 of 20000
2021-04-06 16:41:04,673 [INFO ]  which is the best mpsc coaching class in pune
2021-04-06 16:41:04,673 [INFO ]  [0, 0, 0, 0, 1, 1, 1, 0, 1, 0, 0, 0, 0, 0]
2021-04-06 16:41:09,667 [INFO ]  ----------------
2021-04-06 16:41:09,667 [INFO ]  Item 96 of 20000
2021-04-06 16:41:09,667 [INFO ]  what are the differences between white wine vinegar and white distilled vinegar
2021-04-06 16:41:09,667 [INFO ]  [0, 0, 0, 1, 0, 1, 1, 1, 0, 1, 1, 0, 0, 0]
2021-04-06 16:41:15,307 [INFO ]  ----------------
2021-04-06 16:41:15,307 [INFO ]  Item 97 of 20000
2021-04-06 16:41:15,307 [INFO ]  does the british reign still affect india in any way
2021-04-06 16:41:15,307 [INFO ]  [0, 0, 1, 1, 0, 1, 1, 0, 0, 0, 0, 0, 0, 0]
2021-04-06 16:41:20,041 [INFO ]  ----------------
2021-04-06 16:41:20,041 [INFO ]  Item 98 of 20000
2021-04-06 16:41:20,041 [INFO ]  what do you think of donald trump 's shocking win in us presidential elections
2021-04-06 16:41:20,041 [INFO ]  [0, 0, 0, 0, 0, 1, 1, 0, 1, 1, 0, 0, 1, 1]
2021-04-06 16:41:23,693 [INFO ]  ----------------
2021-04-06 16:41:23,699 [INFO ]  Item 99 of 20000
2021-04-06 16:41:23,699 [INFO ]  why do you hate your android phone or devices
2021-04-06 16:41:23,699 [INFO ]  [0, 0, 0, 1, 0, 1, 1, 0, 1, 0, 0, 0, 0, 0]
2021-04-06 16:41:28,494 [INFO ]  ----------------
2021-04-06 16:41:28,494 [INFO ]  Item 100 of 20000
2021-04-06 16:41:28,494 [INFO ]  how can i prepare myself for pursuing entrepreneurship
2021-04-06 16:41:28,494 [INFO ]  [0, 0, 0, 1, 0, 0, 1, 1, 0, 0, 0, 0, 0, 0]
2021-04-06 16:41:32,699 [INFO ]  ----------------
2021-04-06 16:41:32,699 [INFO ]  Item 101 of 20000
2021-04-06 16:41:32,699 [INFO ]  why is saltwater taffy candy imported in china
2021-04-06 16:41:32,699 [INFO ]  [0, 0, 1, 1, 1, 1, 0, 0, 0, 0, 0, 0, 0, 0]
2021-04-06 16:41:37,390 [INFO ]  ----------------
2021-04-06 16:41:37,390 [INFO ]  Item 102 of 20000
2021-04-06 16:41:37,390 [INFO ]  is it true that prostitution is legal in india
2021-04-06 16:41:37,390 [INFO ]  [0, 0, 1, 0, 1, 0, 1, 0, 1, 0, 0, 0, 0, 0]
2021-04-06 16:41:42,411 [INFO ]  ----------------
2021-04-06 16:41:42,411 [INFO ]  Item 103 of 20000
2021-04-06 16:41:42,411 [INFO ]  how do i make social networking website
2021-04-06 16:41:42,411 [INFO ]  [0, 0, 0, 1, 1, 1, 0, 0, 0, 0, 0, 0, 0, 0]
2021-04-06 16:41:46,544 [INFO ]  ----------------
2021-04-06 16:41:46,544 [INFO ]  Item 104 of 20000
2021-04-06 16:41:46,544 [INFO ]  how can i find jobs abroad
2021-04-06 16:41:46,544 [INFO ]  [0, 0, 0, 1, 1, 1, 0, 0, 0, 0, 0, 0, 0, 0]
2021-04-06 16:41:50,490 [INFO ]  ----------------
2021-04-06 16:41:50,496 [INFO ]  Item 105 of 20000
2021-04-06 16:41:50,496 [INFO ]  will hillary clinton lead america to a war with russia
2021-04-06 16:41:50,496 [INFO ]  [0, 1, 1, 1, 1, 0, 0, 1, 0, 0, 0, 0, 0, 0]
2021-04-06 16:41:55,539 [INFO ]  ----------------
2021-04-06 16:41:55,539 [INFO ]  Item 106 of 20000
2021-04-06 16:41:55,539 [INFO ]  why does power factor increases when capacitor is introduced
2021-04-06 16:41:55,539 [INFO ]  [0, 0, 1, 1, 1, 0, 1, 0, 0, 0, 0, 0, 0, 0]
2021-04-06 16:42:01,022 [INFO ]  ----------------
2021-04-06 16:42:01,022 [INFO ]  Item 107 of 20000
2021-04-06 16:42:01,022 [INFO ]  how does spotify 's discover weekly work what data is taken into consideration
2021-04-06 16:42:01,022 [INFO ]  [0, 0, 1, 0, 1, 1, 1, 0, 1, 0, 0, 0, 1, 0]
2021-04-06 16:42:04,632 [INFO ]  ----------------
2021-04-06 16:42:04,632 [INFO ]  Item 108 of 20000
2021-04-06 16:42:04,632 [INFO ]  what is the best answer for tell me about your self in an interview
2021-04-06 16:42:04,632 [INFO ]  [0, 0, 0, 0, 1, 0, 0, 0, 0, 0, 0, 0, 0, 1]
2021-04-06 16:42:08,165 [INFO ]  ----------------
2021-04-06 16:42:08,168 [INFO ]  Item 109 of 20000
2021-04-06 16:42:08,168 [INFO ]  i missed to write 3 phrases in tcs email writing but i attempted 30
2021-04-06 16:42:08,168 [INFO ]  [0, 1, 0, 1, 1, 1, 0, 1, 1, 1, 0, 0, 0, 0]
2021-04-06 16:42:11,734 [INFO ]  ----------------
2021-04-06 16:42:11,734 [INFO ]  Item 110 of 20000
2021-04-06 16:42:11,734 [INFO ]  what is the fastest way to lose weight successfully
2021-04-06 16:42:11,734 [INFO ]  [0, 0, 0, 1, 0, 0, 1, 1, 1, 0, 0, 0, 0, 0]
2021-04-06 16:42:17,175 [INFO ]  ----------------
2021-04-06 16:42:17,175 [INFO ]  Item 111 of 20000
2021-04-06 16:42:17,175 [INFO ]  what is the amazing facts about indian railways
2021-04-06 16:42:17,175 [INFO ]  [0, 0, 0, 1, 1, 0, 1, 1, 0, 0, 0, 0, 0, 0]
2021-04-06 16:42:21,755 [INFO ]  ----------------
2021-04-06 16:42:21,755 [INFO ]  Item 112 of 20000
2021-04-06 16:42:21,755 [INFO ]  how will clinton 's near collapse at the 9 11 ceremony affect her chances
2021-04-06 16:42:21,755 [INFO ]  [0, 0, 1, 0, 0, 1, 0, 0, 1, 1, 1, 1, 0, 1]
2021-04-06 16:42:25,064 [INFO ]  ----------------
2021-04-06 16:42:25,064 [INFO ]  Item 113 of 20000
2021-04-06 16:42:25,065 [INFO ]  is it better for our health to shower at night or in the morning
2021-04-06 16:42:25,065 [INFO ]  [0, 0, 0, 0, 0, 1, 0, 1, 0, 1, 0, 0, 0, 1]
2021-04-06 16:42:29,780 [INFO ]  ----------------
2021-04-06 16:42:29,785 [INFO ]  Item 114 of 20000
2021-04-06 16:42:29,785 [INFO ]  what are some real life examples of karma
2021-04-06 16:42:29,785 [INFO ]  [0, 0, 0, 1, 1, 1, 0, 1, 0, 0, 0, 0, 0, 0]
2021-04-06 16:42:33,957 [INFO ]  ----------------
2021-04-06 16:42:33,957 [INFO ]  Item 115 of 20000
2021-04-06 16:42:33,957 [INFO ]  how deep is the titanic wreck
2021-04-06 16:42:33,957 [INFO ]  [0, 1, 0, 0, 1, 1, 0, 0, 0, 0, 0, 0, 0, 0]
2021-04-06 16:42:38,199 [INFO ]  ----------------
2021-04-06 16:42:38,199 [INFO ]  Item 116 of 20000
2021-04-06 16:42:38,199 [INFO ]  where can i buy very incredible and most amazing cupcakes in gold coast
2021-04-06 16:42:38,199 [INFO ]  [0, 0, 0, 1, 0, 1, 0, 0, 1, 1, 0, 1, 1, 0]
2021-04-06 16:42:42,151 [INFO ]  ----------------
2021-04-06 16:42:42,151 [INFO ]  Item 117 of 20000
2021-04-06 16:42:42,151 [INFO ]  what can i practice in my daily life to become a good writer
2021-04-06 16:42:42,151 [INFO ]  [0, 0, 0, 1, 0, 0, 1, 1, 0, 0, 0, 1, 1, 0]
2021-04-06 16:42:46,998 [INFO ]  ----------------
2021-04-06 16:42:46,998 [INFO ]  Item 118 of 20000
2021-04-06 16:42:46,998 [INFO ]  how do i install and start up c programming language
2021-04-06 16:42:46,998 [INFO ]  [0, 0, 0, 1, 0, 1, 0, 0, 1, 1, 0, 0, 0, 0]
2021-04-06 16:42:51,457 [INFO ]  ----------------
2021-04-06 16:42:51,457 [INFO ]  Item 119 of 20000
2021-04-06 16:42:51,457 [INFO ]  how can someone make more friends
2021-04-06 16:42:51,457 [INFO ]  [0, 0, 0, 1, 0, 1, 0, 0, 0, 0, 0, 0, 0, 0]
2021-04-06 16:42:55,318 [INFO ]  ----------------
2021-04-06 16:42:55,318 [INFO ]  Item 120 of 20000
2021-04-06 16:42:55,318 [INFO ]  how will kong : skull island relate to peter jackson 's king kong film
2021-04-06 16:42:55,318 [INFO ]  [0, 0, 1, 0, 1, 1, 1, 0, 1, 1, 0, 1, 0, 0]
2021-04-06 16:42:58,642 [INFO ]  ----------------
2021-04-06 16:42:58,642 [INFO ]  Item 121 of 20000
2021-04-06 16:42:58,643 [INFO ]  what is the best phone under 12k currently
2021-04-06 16:42:58,643 [INFO ]  [0, 0, 0, 0, 1, 0, 1, 0, 0, 0, 0, 0, 0, 0]
2021-04-06 16:43:03,075 [INFO ]  ----------------
2021-04-06 16:43:03,076 [INFO ]  Item 122 of 20000
2021-04-06 16:43:03,076 [INFO ]  what 's the best way to hack an instagram account
2021-04-06 16:43:03,076 [INFO ]  [0, 0, 0, 0, 0, 0, 1, 0, 1, 1, 0, 0, 0, 0]
2021-04-06 16:43:08,109 [INFO ]  ----------------
2021-04-06 16:43:08,109 [INFO ]  Item 123 of 20000
2021-04-06 16:43:08,109 [INFO ]  from where can i pursue digital marketing course
2021-04-06 16:43:08,109 [INFO ]  [0, 0, 0, 0, 1, 1, 1, 0, 0, 0, 0, 0, 0, 0]
2021-04-06 16:43:12,591 [INFO ]  ----------------
2021-04-06 16:43:12,591 [INFO ]  Item 124 of 20000
2021-04-06 16:43:12,591 [INFO ]  what scripts have your written to make your life easier
2021-04-06 16:43:12,591 [INFO ]  [0, 1, 0, 0, 1, 0, 1, 0, 1, 1, 0, 0, 0, 0]
2021-04-06 16:43:17,070 [INFO ]  ----------------
2021-04-06 16:43:17,070 [INFO ]  Item 125 of 20000
2021-04-06 16:43:17,070 [INFO ]  how do i prevent addiction of masturbation
2021-04-06 16:43:17,070 [INFO ]  [0, 0, 0, 1, 1, 0, 1, 0, 0, 0, 0, 0, 0, 0]
2021-04-06 16:43:21,669 [INFO ]  ----------------
2021-04-06 16:43:21,669 [INFO ]  Item 126 of 20000
2021-04-06 16:43:21,670 [INFO ]  what is the main circuit board of a computer how is it built and
2021-04-06 16:43:21,670 [INFO ]  [0, 0, 0, 1, 1, 1, 0, 0, 1, 0, 0, 0, 1, 0]
2021-04-06 16:43:25,511 [INFO ]  ----------------
2021-04-06 16:43:25,511 [INFO ]  Item 127 of 20000
2021-04-06 16:43:25,512 [INFO ]  does having bad teeth kill someone faster
2021-04-06 16:43:25,512 [INFO ]  [0, 0, 1, 1, 1, 0, 0, 0, 0, 0, 0, 0, 0, 0]
2021-04-06 16:43:30,722 [INFO ]  ----------------
2021-04-06 16:43:30,722 [INFO ]  Item 128 of 20000
2021-04-06 16:43:30,723 [INFO ]  how do i become a hacker only at one time
2021-04-06 16:43:30,723 [INFO ]  [0, 0, 0, 0, 0, 1, 0, 0, 0, 1, 0, 0, 0, 0]
2021-04-06 16:43:35,807 [INFO ]  ----------------
2021-04-06 16:43:35,807 [INFO ]  Item 129 of 20000
2021-04-06 16:43:35,807 [INFO ]  what causes burning sensation while urinating
2021-04-06 16:43:35,807 [INFO ]  [0, 0, 1, 1, 0, 1, 0, 0, 0, 0, 0, 0, 0, 0]
2021-04-06 16:43:39,845 [INFO ]  ----------------
2021-04-06 16:43:39,845 [INFO ]  Item 130 of 20000
2021-04-06 16:43:39,845 [INFO ]  what are the best photos you have taken by mobile
2021-04-06 16:43:39,845 [INFO ]  [0, 0, 0, 0, 1, 0, 0, 0, 0, 1, 0, 0, 0, 0]
2021-04-06 16:43:44,662 [INFO ]  ----------------
2021-04-06 16:43:44,662 [INFO ]  Item 131 of 20000
2021-04-06 16:43:44,662 [INFO ]  what is the best book for chemistry for class 11
2021-04-06 16:43:44,663 [INFO ]  [0, 0, 0, 0, 1, 0, 1, 0, 1, 1, 0, 0, 0, 0]
2021-04-06 16:43:49,615 [INFO ]  ----------------
2021-04-06 16:43:49,615 [INFO ]  Item 132 of 20000
2021-04-06 16:43:49,615 [INFO ]  will donald trump shut down the internet
2021-04-06 16:43:49,615 [INFO ]  [0, 1, 1, 1, 0, 0, 0, 0, 0, 0, 0, 0, 0, 0]
2021-04-06 16:43:53,892 [INFO ]  ----------------
2021-04-06 16:43:53,892 [INFO ]  Item 133 of 20000
2021-04-06 16:43:53,892 [INFO ]  how do i start preparing for ies
2021-04-06 16:43:53,892 [INFO ]  [0, 0, 0, 1, 1, 0, 1, 0, 0, 0, 0, 0, 0, 0]
2021-04-06 16:43:57,493 [INFO ]  ----------------
2021-04-06 16:43:57,493 [INFO ]  Item 134 of 20000
2021-04-06 16:43:57,493 [INFO ]  what will american public education look like in the future
2021-04-06 16:43:57,493 [INFO ]  [0, 0, 1, 1, 1, 0, 0, 0, 0, 1, 0, 0, 0, 0]
2021-04-06 16:44:02,735 [INFO ]  ----------------
2021-04-06 16:44:02,735 [INFO ]  Item 135 of 20000
2021-04-06 16:44:02,735 [INFO ]  what is the meaning of your so mean
2021-04-06 16:44:02,735 [INFO ]  [0, 0, 0, 1, 0, 0, 0, 0, 0, 0, 0, 0, 0, 0]
2021-04-06 16:44:07,618 [INFO ]  ----------------
2021-04-06 16:44:07,618 [INFO ]  Item 136 of 20000
2021-04-06 16:44:07,618 [INFO ]  how can one improve his writing skills
2021-04-06 16:44:07,618 [INFO ]  [0, 0, 0, 1, 0, 1, 1, 0, 0, 0, 0, 0, 0, 0]
2021-04-06 16:44:11,756 [INFO ]  ----------------
2021-04-06 16:44:11,756 [INFO ]  Item 137 of 20000
2021-04-06 16:44:11,756 [INFO ]  what is the best way to save more money
2021-04-06 16:44:11,756 [INFO ]  [0, 0, 0, 0, 0, 0, 1, 0, 1, 0, 0, 0, 0, 0]
2021-04-06 16:44:16,841 [INFO ]  ----------------
2021-04-06 16:44:16,841 [INFO ]  Item 138 of 20000
2021-04-06 16:44:16,841 [INFO ]  what is the best hollywood movie of 2016 and why
2021-04-06 16:44:16,841 [INFO ]  [0, 0, 0, 0, 1, 1, 0, 1, 0, 0, 0, 0, 0, 0]
2021-04-06 16:44:21,511 [INFO ]  ----------------
2021-04-06 16:44:21,511 [INFO ]  Item 139 of 20000
2021-04-06 16:44:21,511 [INFO ]  what is the best way to suicide
2021-04-06 16:44:21,511 [INFO ]  [0, 0, 0, 0, 0, 0, 1, 0, 0, 0, 0, 0, 0, 0]
2021-04-06 16:44:26,362 [INFO ]  ----------------
2021-04-06 16:44:26,363 [INFO ]  Item 140 of 20000
2021-04-06 16:44:26,363 [INFO ]  how do i know if someone blocked me on whatsapp or not
2021-04-06 16:44:26,363 [INFO ]  [0, 0, 0, 0, 0, 0, 1, 0, 0, 1, 0, 0, 0, 0]
2021-04-06 16:44:32,049 [INFO ]  ----------------
2021-04-06 16:44:32,049 [INFO ]  Item 141 of 20000
2021-04-06 16:44:32,049 [INFO ]  what are some examples of christian privilege in the us and around the world
2021-04-06 16:44:32,049 [INFO ]  [0, 0, 0, 1, 0, 1, 1, 0, 0, 0, 0, 0, 0, 1]
2021-04-06 16:44:35,708 [INFO ]  ----------------
2021-04-06 16:44:35,708 [INFO ]  Item 142 of 20000
2021-04-06 16:44:35,708 [INFO ]  do you think mark zuckerberg will run the us presidential election of 2020
2021-04-06 16:44:35,708 [INFO ]  [0, 0, 0, 1, 1, 0, 1, 0, 0, 1, 1, 0, 1, 0]
2021-04-06 16:44:38,908 [INFO ]  ----------------
2021-04-06 16:44:38,908 [INFO ]  Item 143 of 20000
2021-04-06 16:44:38,908 [INFO ]  is being a gigolo proud job for a man what are your views
2021-04-06 16:44:38,908 [INFO ]  [0, 0, 0, 1, 1, 1, 0, 0, 1, 0, 0, 0, 1, 0]
2021-04-06 16:44:42,505 [INFO ]  ----------------
2021-04-06 16:44:42,510 [INFO ]  Item 144 of 20000
2021-04-06 16:44:42,511 [INFO ]  how do i get all people 's attention at once
2021-04-06 16:44:42,511 [INFO ]  [0, 0, 0, 0, 0, 1, 0, 1, 0, 0, 0, 0, 0, 0]
2021-04-06 16:44:48,697 [INFO ]  ----------------
2021-04-06 16:44:48,697 [INFO ]  Item 145 of 20000
2021-04-06 16:44:48,697 [INFO ]  over what type crimes does the fbi have subject matter jurisdiction
2021-04-06 16:44:48,697 [INFO ]  [0, 0, 1, 1, 0, 0, 1, 0, 1, 1, 0, 0, 0, 0]
2021-04-06 16:44:53,055 [INFO ]  ----------------
2021-04-06 16:44:53,055 [INFO ]  Item 146 of 20000
2021-04-06 16:44:53,055 [INFO ]  how can i learn communication skills
2021-04-06 16:44:53,056 [INFO ]  [0, 0, 0, 1, 1, 1, 0, 0, 0, 0, 0, 0, 0, 0]
2021-04-06 16:44:56,605 [INFO ]  ----------------
2021-04-06 16:44:56,605 [INFO ]  Item 147 of 20000
2021-04-06 16:44:56,605 [INFO ]  would demonetization of 500 and 1000 rupee notes actually help in curbing black money
2021-04-06 16:44:56,605 [INFO ]  [0, 1, 0, 1, 0, 1, 1, 1, 0, 0, 0, 1, 1, 0]
2021-04-06 16:44:59,728 [INFO ]  ----------------
2021-04-06 16:44:59,728 [INFO ]  Item 148 of 20000
2021-04-06 16:44:59,728 [INFO ]  why are some people so pretentious on quora
2021-04-06 16:44:59,728 [INFO ]  [0, 0, 0, 1, 0, 1, 0, 1, 0, 0, 0, 0, 0, 0]
2021-04-06 16:45:04,093 [INFO ]  ----------------
2021-04-06 16:45:04,093 [INFO ]  Item 149 of 20000
2021-04-06 16:45:04,094 [INFO ]  why do some people ask questions on quora that could easily be answered by
2021-04-06 16:45:04,094 [INFO ]  [0, 0, 0, 1, 0, 1, 0, 1, 0, 0, 1, 0, 1, 0]
2021-04-06 16:45:07,342 [INFO ]  ----------------
2021-04-06 16:45:07,343 [INFO ]  Item 150 of 20000
2021-04-06 16:45:07,343 [INFO ]  how do you get rid of ' super lice '
2021-04-06 16:45:07,343 [INFO ]  [0, 0, 0, 0, 1, 0, 0, 1, 1, 0, 0, 0, 0, 0]
2021-04-06 16:45:12,741 [INFO ]  ----------------
2021-04-06 16:45:12,741 [INFO ]  Item 151 of 20000
2021-04-06 16:45:12,741 [INFO ]  how do i enjoy life without having close ( or ) much friends
2021-04-06 16:45:12,741 [INFO ]  [0, 0, 0, 1, 1, 0, 0, 1, 0, 0, 0, 0, 1, 0]
2021-04-06 16:45:16,817 [INFO ]  ----------------
2021-04-06 16:45:16,817 [INFO ]  Item 152 of 20000
2021-04-06 16:45:16,817 [INFO ]  how do i turn off screen overlay for android
2021-04-06 16:45:16,817 [INFO ]  [0, 0, 0, 1, 0, 1, 1, 0, 1, 0, 0, 0, 0, 0]
2021-04-06 16:45:21,769 [INFO ]  ----------------
2021-04-06 16:45:21,769 [INFO ]  Item 153 of 20000
2021-04-06 16:45:21,769 [INFO ]  on quora how do i change the generic blue profile pic to a photo
2021-04-06 16:45:21,769 [INFO ]  [0, 1, 0, 0, 0, 1, 0, 1, 1, 1, 1, 0, 0, 1]
2021-04-06 16:45:25,191 [INFO ]  ----------------
2021-04-06 16:45:25,197 [INFO ]  Item 154 of 20000
2021-04-06 16:45:25,197 [INFO ]  what are the differences between UNK and UNK people
2021-04-06 16:45:25,197 [INFO ]  [0, 0, 0, 1, 0, 1, 0, 1, 1, 0, 0, 0, 0, 0]
2021-04-06 16:45:30,469 [INFO ]  ----------------
2021-04-06 16:45:30,469 [INFO ]  Item 155 of 20000
2021-04-06 16:45:30,469 [INFO ]  how do i increase negotiation skill
2021-04-06 16:45:30,469 [INFO ]  [0, 0, 0, 1, 1, 1, 0, 0, 0, 0, 0, 0, 0, 0]
2021-04-06 16:45:34,624 [INFO ]  ----------------
2021-04-06 16:45:34,625 [INFO ]  Item 156 of 20000
2021-04-06 16:45:34,625 [INFO ]  how can i watch french tv with french subtitles on the web
2021-04-06 16:45:34,625 [INFO ]  [0, 0, 0, 1, 1, 1, 0, 1, 1, 0, 0, 1, 0, 0]
2021-04-06 16:45:39,427 [INFO ]  ----------------
2021-04-06 16:45:39,427 [INFO ]  Item 157 of 20000
2021-04-06 16:45:39,427 [INFO ]  why should a girl leave her home after marriage
2021-04-06 16:45:39,427 [INFO ]  [0, 0, 0, 1, 1, 0, 1, 0, 1, 0, 0, 0, 0, 0]
2021-04-06 16:45:44,472 [INFO ]  ----------------
2021-04-06 16:45:44,472 [INFO ]  Item 158 of 20000
2021-04-06 16:45:44,473 [INFO ]  how do you reduce the redness caused by keratosis pilaris
2021-04-06 16:45:44,473 [INFO ]  [0, 0, 0, 1, 0, 1, 1, 0, 1, 1, 0, 0, 0, 0]
2021-04-06 16:45:49,468 [INFO ]  ----------------
2021-04-06 16:45:49,468 [INFO ]  Item 159 of 20000
2021-04-06 16:45:49,468 [INFO ]  should i start learning web development
2021-04-06 16:45:49,468 [INFO ]  [0, 0, 1, 1, 1, 0, 0, 0, 0, 0, 0, 0, 0, 0]
2021-04-06 16:45:53,191 [INFO ]  ----------------
2021-04-06 16:45:53,191 [INFO ]  Item 160 of 20000
2021-04-06 16:45:53,191 [INFO ]  do you believe there is life after death
2021-04-06 16:45:53,191 [INFO ]  [0, 0, 0, 0, 0, 1, 0, 1, 0, 0, 0, 0, 0, 0]
2021-04-06 16:45:57,682 [INFO ]  ----------------
2021-04-06 16:45:57,683 [INFO ]  Item 161 of 20000
2021-04-06 16:45:57,683 [INFO ]  what is your very best argument as to why i should vote for trump
2021-04-06 16:45:57,683 [INFO ]  [0, 0, 0, 0, 0, 1, 0, 0, 0, 0, 0, 1, 0, 1]
2021-04-06 16:46:02,613 [INFO ]  ----------------
2021-04-06 16:46:02,613 [INFO ]  Item 162 of 20000
2021-04-06 16:46:02,613 [INFO ]  what are the best resources to learn c + +
2021-04-06 16:46:02,613 [INFO ]  [0, 0, 0, 0, 1, 0, 1, 0, 1, 1, 0, 0, 0, 0]
2021-04-06 16:46:08,087 [INFO ]  ----------------
2021-04-06 16:46:08,087 [INFO ]  Item 163 of 20000
2021-04-06 16:46:08,087 [INFO ]  what are the reviews of tvs apache rtr 180
2021-04-06 16:46:08,087 [INFO ]  [0, 0, 0, 1, 0, 1, 1, 1, 0, 0, 0, 0, 0, 0]
2021-04-06 16:46:12,945 [INFO ]  ----------------
2021-04-06 16:46:12,945 [INFO ]  Item 164 of 20000
2021-04-06 16:46:12,945 [INFO ]  what are some ways to delete a friend request on facebook
2021-04-06 16:46:12,945 [INFO ]  [0, 0, 0, 1, 0, 1, 0, 1, 1, 0, 1, 0, 0, 0]
2021-04-06 16:46:18,257 [INFO ]  ----------------
2021-04-06 16:46:18,257 [INFO ]  Item 165 of 20000
2021-04-06 16:46:18,258 [INFO ]  what can be done to solve the current issue of worst air quality in
2021-04-06 16:46:18,258 [INFO ]  [0, 0, 0, 0, 0, 1, 0, 1, 1, 0, 1, 1, 1, 0]
2021-04-06 16:46:21,600 [INFO ]  ----------------
2021-04-06 16:46:21,601 [INFO ]  Item 166 of 20000
2021-04-06 16:46:21,601 [INFO ]  what are the most interesting and amazing facts you know
2021-04-06 16:46:21,601 [INFO ]  [0, 0, 0, 0, 1, 0, 1, 1, 0, 0, 0, 0, 0, 0]
2021-04-06 16:46:26,799 [INFO ]  ----------------
2021-04-06 16:46:26,799 [INFO ]  Item 167 of 20000
2021-04-06 16:46:26,799 [INFO ]  what is the best way to reheat a UNK in the microwave
2021-04-06 16:46:26,799 [INFO ]  [0, 0, 0, 0, 0, 0, 1, 0, 1, 0, 0, 1, 0, 0]
2021-04-06 16:46:32,185 [INFO ]  ----------------
2021-04-06 16:46:32,186 [INFO ]  Item 168 of 20000
2021-04-06 16:46:32,186 [INFO ]  what is the scientific method who invented it
2021-04-06 16:46:32,186 [INFO ]  [0, 0, 0, 1, 1, 0, 1, 0, 0, 0, 0, 0, 0, 0]
2021-04-06 16:46:36,439 [INFO ]  ----------------
2021-04-06 16:46:36,439 [INFO ]  Item 169 of 20000
2021-04-06 16:46:36,439 [INFO ]  what are some tasty main dishes that can be made with corned beef
2021-04-06 16:46:36,439 [INFO ]  [0, 0, 0, 1, 1, 1, 0, 0, 0, 1, 0, 1, 1, 0]
2021-04-06 16:46:40,294 [INFO ]  ----------------
2021-04-06 16:46:40,295 [INFO ]  Item 170 of 20000
2021-04-06 16:46:40,295 [INFO ]  why did hillary supporters start riots at trump rallies
2021-04-06 16:46:40,295 [INFO ]  [0, 0, 1, 1, 1, 1, 0, 0, 0, 0, 0, 0, 0, 0]
2021-04-06 16:46:44,554 [INFO ]  ----------------
2021-04-06 16:46:44,554 [INFO ]  Item 171 of 20000
2021-04-06 16:46:44,554 [INFO ]  when will trump administration begin deportation of illegal immigrants
2021-04-06 16:46:44,554 [INFO ]  [0, 0, 1, 1, 1, 1, 0, 0, 0, 0, 0, 0, 0, 0]
2021-04-06 16:46:49,036 [INFO ]  ----------------
2021-04-06 16:46:49,036 [INFO ]  Item 172 of 20000
2021-04-06 16:46:49,036 [INFO ]  how do i prepare for a civil engineering interview
2021-04-06 16:46:49,036 [INFO ]  [0, 0, 0, 1, 0, 0, 1, 1, 1, 0, 0, 0, 0, 0]
2021-04-06 16:46:54,128 [INFO ]  ----------------
2021-04-06 16:46:54,134 [INFO ]  Item 173 of 20000
2021-04-06 16:46:54,134 [INFO ]  what is acm icpc how should i prepare for it in a year .
2021-04-06 16:46:54,134 [INFO ]  [0, 0, 1, 1, 0, 0, 0, 1, 0, 0, 0, 0, 1, 0]
2021-04-06 16:46:57,804 [INFO ]  ----------------
2021-04-06 16:46:57,804 [INFO ]  Item 174 of 20000
2021-04-06 16:46:57,804 [INFO ]  how do i start my college search
2021-04-06 16:46:57,804 [INFO ]  [0, 0, 0, 1, 0, 1, 1, 0, 0, 0, 0, 0, 0, 0]
2021-04-06 16:47:01,519 [INFO ]  ----------------
2021-04-06 16:47:01,519 [INFO ]  Item 175 of 20000
2021-04-06 16:47:01,519 [INFO ]  how do i book newspaper ads online
2021-04-06 16:47:01,519 [INFO ]  [0, 0, 0, 1, 1, 1, 0, 0, 0, 0, 0, 0, 0, 0]
2021-04-06 16:47:05,869 [INFO ]  ----------------
2021-04-06 16:47:05,869 [INFO ]  Item 176 of 20000
2021-04-06 16:47:05,869 [INFO ]  what happens to employees when the company is acquired
2021-04-06 16:47:05,869 [INFO ]  [0, 0, 0, 1, 0, 0, 1, 0, 1, 0, 0, 0, 0, 0]
2021-04-06 16:47:10,557 [INFO ]  ----------------
2021-04-06 16:47:10,557 [INFO ]  Item 177 of 20000
2021-04-06 16:47:10,558 [INFO ]  how can i lose 25 kg
2021-04-06 16:47:10,558 [INFO ]  [0, 0, 0, 1, 1, 1, 0, 0, 0, 0, 0, 0, 0, 0]
2021-04-06 16:47:14,315 [INFO ]  ----------------
2021-04-06 16:47:14,315 [INFO ]  Item 178 of 20000
2021-04-06 16:47:14,315 [INFO ]  what is the best way to be great lover
2021-04-06 16:47:14,315 [INFO ]  [0, 0, 0, 0, 0, 0, 0, 1, 1, 0, 0, 0, 0, 0]
2021-04-06 16:47:19,125 [INFO ]  ----------------
2021-04-06 16:47:19,125 [INFO ]  Item 179 of 20000
2021-04-06 16:47:19,125 [INFO ]  which will be the best budget laptop under 30k
2021-04-06 16:47:19,125 [INFO ]  [0, 0, 0, 0, 0, 1, 1, 0, 1, 0, 0, 0, 0, 0]
2021-04-06 16:47:23,839 [INFO ]  ----------------
2021-04-06 16:47:23,839 [INFO ]  Item 180 of 20000
2021-04-06 16:47:23,839 [INFO ]  which is the best book with which i can prepare for gre exams .
2021-04-06 16:47:23,839 [INFO ]  [0, 0, 0, 0, 1, 0, 0, 0, 0, 1, 0, 1, 1, 0]
2021-04-06 16:47:27,196 [INFO ]  ----------------
2021-04-06 16:47:27,196 [INFO ]  Item 181 of 20000
2021-04-06 16:47:27,196 [INFO ]  what is the difference between fixed and random effects models
2021-04-06 16:47:27,196 [INFO ]  [0, 0, 0, 1, 0, 1, 0, 1, 1, 1, 0, 0, 0, 0]
2021-04-06 16:47:32,872 [INFO ]  ----------------
2021-04-06 16:47:32,872 [INFO ]  Item 182 of 20000
2021-04-06 16:47:32,872 [INFO ]  can you eat same thing every day and get all the nutrition you need
2021-04-06 16:47:32,872 [INFO ]  [0, 0, 1, 0, 1, 0, 1, 0, 0, 0, 0, 1, 0, 0]
2021-04-06 16:47:36,455 [INFO ]  ----------------
2021-04-06 16:47:36,455 [INFO ]  Item 183 of 20000
2021-04-06 16:47:36,456 [INFO ]  can i get taller at 23 years old
2021-04-06 16:47:36,456 [INFO ]  [0, 0, 0, 1, 0, 1, 1, 0, 0, 0, 0, 0, 0, 0]
2021-04-06 16:47:41,761 [INFO ]  ----------------
2021-04-06 16:47:41,761 [INFO ]  Item 184 of 20000
2021-04-06 16:47:41,761 [INFO ]  how was the personal relationship between steve jobs and bill gates
2021-04-06 16:47:41,761 [INFO ]  [0, 0, 0, 1, 1, 0, 1, 1, 0, 1, 0, 0, 0, 0]
2021-04-06 16:47:46,654 [INFO ]  ----------------
2021-04-06 16:47:46,654 [INFO ]  Item 185 of 20000
2021-04-06 16:47:46,654 [INFO ]  how can you cook sausages in the microwave
2021-04-06 16:47:46,654 [INFO ]  [0, 0, 0, 1, 1, 0, 0, 1, 0, 0, 0, 0, 0, 0]
2021-04-06 16:47:51,023 [INFO ]  ----------------
2021-04-06 16:47:51,024 [INFO ]  Item 186 of 20000
2021-04-06 16:47:51,024 [INFO ]  can you see who views your instagram
2021-04-06 16:47:51,024 [INFO ]  [0, 0, 0, 0, 1, 0, 1, 0, 0, 0, 0, 0, 0, 0]
2021-04-06 16:47:55,310 [INFO ]  ----------------
2021-04-06 16:47:55,310 [INFO ]  Item 187 of 20000
2021-04-06 16:47:55,310 [INFO ]  what is the first letter of a five letter word meaning big
2021-04-06 16:47:55,311 [INFO ]  [0, 0, 0, 0, 1, 0, 0, 0, 1, 1, 1, 1, 0, 0]
2021-04-06 16:47:59,401 [INFO ]  ----------------
2021-04-06 16:47:59,401 [INFO ]  Item 188 of 20000
2021-04-06 16:47:59,401 [INFO ]  can you have sex while pregnant
2021-04-06 16:47:59,401 [INFO ]  [0, 0, 0, 1, 0, 1, 0, 0, 0, 0, 0, 0, 0, 0]
2021-04-06 16:48:03,342 [INFO ]  ----------------
2021-04-06 16:48:03,342 [INFO ]  Item 189 of 20000
2021-04-06 16:48:03,342 [INFO ]  what will happen to india if donald trump wins
2021-04-06 16:48:03,342 [INFO ]  [0, 0, 1, 0, 1, 0, 1, 1, 0, 0, 0, 0, 0, 0]
2021-04-06 16:48:08,024 [INFO ]  ----------------
2021-04-06 16:48:08,024 [INFO ]  Item 190 of 20000
2021-04-06 16:48:08,025 [INFO ]  what is it like to be popular on quora
2021-04-06 16:48:08,025 [INFO ]  [0, 0, 0, 0, 0, 0, 1, 0, 1, 0, 0, 0, 0, 0]
2021-04-06 16:48:12,319 [INFO ]  ----------------
2021-04-06 16:48:12,325 [INFO ]  Item 191 of 20000
2021-04-06 16:48:12,325 [INFO ]  do you think that us funds isis
2021-04-06 16:48:12,325 [INFO ]  [0, 0, 0, 0, 0, 1, 1, 0, 0, 0, 0, 0, 0, 0]
2021-04-06 16:48:16,950 [INFO ]  ----------------
2021-04-06 16:48:16,950 [INFO ]  Item 192 of 20000
2021-04-06 16:48:16,950 [INFO ]  what do we know about neuroplasticity
2021-04-06 16:48:16,950 [INFO ]  [0, 0, 0, 0, 0, 1, 0, 0, 0, 0, 0, 0, 0, 0]
2021-04-06 16:48:21,135 [INFO ]  ----------------
2021-04-06 16:48:21,136 [INFO ]  Item 193 of 20000
2021-04-06 16:48:21,136 [INFO ]  how do i become a really quiet person
2021-04-06 16:48:21,136 [INFO ]  [0, 0, 0, 0, 0, 0, 1, 1, 0, 0, 0, 0, 0, 0]
2021-04-06 16:48:24,817 [INFO ]  ----------------
2021-04-06 16:48:24,817 [INFO ]  Item 194 of 20000
2021-04-06 16:48:24,817 [INFO ]  why does racism still exist today in a supposedly more rational and intellectual society
2021-04-06 16:48:24,817 [INFO ]  [0, 0, 1, 0, 1, 1, 0, 0, 1, 0, 1, 0, 1, 1]
2021-04-06 16:48:28,033 [INFO ]  ----------------
2021-04-06 16:48:28,039 [INFO ]  Item 195 of 20000
2021-04-06 16:48:28,039 [INFO ]  what is the best midi keyboard for beginners
2021-04-06 16:48:28,039 [INFO ]  [0, 0, 0, 0, 1, 1, 0, 1, 0, 0, 0, 0, 0, 0]
2021-04-06 16:48:33,041 [INFO ]  ----------------
2021-04-06 16:48:33,047 [INFO ]  Item 196 of 20000
2021-04-06 16:48:33,047 [INFO ]  should quora have the option to bookmark a question
2021-04-06 16:48:33,047 [INFO ]  [0, 1, 0, 0, 1, 0, 1, 0, 1, 0, 0, 0, 0, 0]
2021-04-06 16:48:37,928 [INFO ]  ----------------
2021-04-06 16:48:37,928 [INFO ]  Item 197 of 20000
2021-04-06 16:48:37,929 [INFO ]  will reservation in india last forever
2021-04-06 16:48:37,929 [INFO ]  [0, 1, 0, 1, 0, 1, 0, 0, 0, 0, 0, 0, 0, 0]
2021-04-06 16:48:41,809 [INFO ]  ----------------
2021-04-06 16:48:41,809 [INFO ]  Item 198 of 20000
2021-04-06 16:48:41,809 [INFO ]  why is airbus UNK boeing and india in the narrow body jetliner segment
2021-04-06 16:48:41,809 [INFO ]  [0, 0, 1, 1, 1, 0, 1, 0, 0, 1, 1, 0, 0, 0]
2021-04-06 16:48:45,045 [INFO ]  ----------------
2021-04-06 16:48:45,045 [INFO ]  Item 199 of 20000
2021-04-06 16:48:45,045 [INFO ]  what are the places to visit in UNK
2021-04-06 16:48:45,045 [INFO ]  [0, 0, 0, 1, 0, 1, 0, 1, 0, 0, 0, 0, 0, 0]
2021-04-06 16:48:50,026 [INFO ]  ----------------
2021-04-06 16:48:50,026 [INFO ]  Item 200 of 20000
2021-04-06 16:48:50,026 [INFO ]  why do indian muslims hate modi
2021-04-06 16:48:50,026 [INFO ]  [0, 0, 1, 1, 1, 0, 0, 0, 0, 0, 0, 0, 0, 0]
2021-04-06 16:48:54,375 [INFO ]  ----------------
2021-04-06 16:48:54,375 [INFO ]  Item 201 of 20000
2021-04-06 16:48:54,376 [INFO ]  how do make your hands soft
2021-04-06 16:48:54,376 [INFO ]  [0, 0, 1, 0, 1, 1, 0, 0, 0, 0, 0, 0, 0, 0]
2021-04-06 16:48:58,028 [INFO ]  ----------------
2021-04-06 16:48:58,028 [INFO ]  Item 202 of 20000
2021-04-06 16:48:58,028 [INFO ]  where can i learn c language online with nice user interface
2021-04-06 16:48:58,028 [INFO ]  [0, 0, 0, 1, 0, 1, 1, 0, 1, 1, 0, 0, 0, 0]
2021-04-06 16:49:03,219 [INFO ]  ----------------
2021-04-06 16:49:03,219 [INFO ]  Item 203 of 20000
2021-04-06 16:49:03,220 [INFO ]  what are your views on india banning 500 and 1000 notes in what way
2021-04-06 16:49:03,220 [INFO ]  [0, 0, 0, 1, 0, 1, 1, 1, 0, 1, 1, 0, 0, 0]
2021-04-06 16:49:07,256 [INFO ]  ----------------
2021-04-06 16:49:07,256 [INFO ]  Item 204 of 20000
2021-04-06 16:49:07,256 [INFO ]  do bank po get posting in their own regions
2021-04-06 16:49:07,256 [INFO ]  [0, 1, 1, 0, 1, 0, 0, 0, 1, 0, 0, 0, 0, 0]
2021-04-06 16:49:11,016 [INFO ]  ----------------
2021-04-06 16:49:11,016 [INFO ]  Item 205 of 20000
2021-04-06 16:49:11,016 [INFO ]  why is there an apparent increase of mass shootings in the us
2021-04-06 16:49:11,016 [INFO ]  [0, 0, 0, 0, 1, 1, 0, 1, 1, 0, 0, 0, 0, 0]
2021-04-06 16:49:16,359 [INFO ]  ----------------
2021-04-06 16:49:16,359 [INFO ]  Item 206 of 20000
2021-04-06 16:49:16,359 [INFO ]  are there any cheap places to stay in goa
2021-04-06 16:49:16,359 [INFO ]  [0, 0, 0, 1, 1, 0, 1, 0, 1, 0, 0, 0, 0, 0]
2021-04-06 16:49:21,568 [INFO ]  ----------------
2021-04-06 16:49:21,568 [INFO ]  Item 207 of 20000
2021-04-06 16:49:21,568 [INFO ]  which is the best shampoo for dandruff
2021-04-06 16:49:21,568 [INFO ]  [0, 0, 0, 0, 1, 0, 1, 0, 0, 0, 0, 0, 0, 0]
2021-04-06 16:49:26,199 [INFO ]  ----------------
2021-04-06 16:49:26,199 [INFO ]  Item 208 of 20000
2021-04-06 16:49:26,200 [INFO ]  why is saltwater taffy candy imported in jamaica
2021-04-06 16:49:26,200 [INFO ]  [0, 0, 1, 1, 1, 1, 0, 0, 0, 0, 0, 0, 0, 0]
2021-04-06 16:49:30,358 [INFO ]  ----------------
2021-04-06 16:49:30,358 [INFO ]  Item 209 of 20000
2021-04-06 16:49:30,358 [INFO ]  how long does it take to die from drowning
2021-04-06 16:49:30,358 [INFO ]  [0, 1, 0, 0, 0, 0, 1, 0, 1, 0, 0, 0, 0, 0]
2021-04-06 16:49:35,648 [INFO ]  ----------------
2021-04-06 16:49:35,648 [INFO ]  Item 210 of 20000
2021-04-06 16:49:35,648 [INFO ]  what are the best ways to put on weight
2021-04-06 16:49:35,649 [INFO ]  [0, 0, 0, 0, 1, 0, 1, 0, 1, 0, 0, 0, 0, 0]
2021-04-06 16:49:41,020 [INFO ]  ----------------
2021-04-06 16:49:41,020 [INFO ]  Item 211 of 20000
2021-04-06 16:49:41,020 [INFO ]  where can i get an exceptionally affordable price in sydney for property transaction
2021-04-06 16:49:41,021 [INFO ]  [0, 0, 0, 0, 0, 1, 1, 1, 0, 1, 0, 1, 1, 0]
2021-04-06 16:49:44,001 [INFO ]  ----------------
2021-04-06 16:49:44,001 [INFO ]  Item 212 of 20000
2021-04-06 16:49:44,001 [INFO ]  i have 3 weeks of free time , what should i do
2021-04-06 16:49:44,001 [INFO ]  [0, 0, 1, 1, 0, 1, 1, 0, 0, 0, 0, 0, 0, 0]
2021-04-06 16:49:49,568 [INFO ]  ----------------
2021-04-06 16:49:49,568 [INFO ]  Item 213 of 20000
2021-04-06 16:49:49,569 [INFO ]  how do you work on your neuroplasticity
2021-04-06 16:49:49,569 [INFO ]  [0, 0, 0, 1, 0, 0, 1, 0, 0, 0, 0, 0, 0, 0]
2021-04-06 16:49:54,008 [INFO ]  ----------------
2021-04-06 16:49:54,009 [INFO ]  Item 214 of 20000
2021-04-06 16:49:54,009 [INFO ]  is there a demand for analytics professionals
2021-04-06 16:49:54,009 [INFO ]  [0, 0, 0, 1, 0, 1, 1, 0, 0, 0, 0, 0, 0, 0]
2021-04-06 16:49:58,606 [INFO ]  ----------------
2021-04-06 16:49:58,606 [INFO ]  Item 215 of 20000
2021-04-06 16:49:58,607 [INFO ]  what is the one thing that no one can take away from you
2021-04-06 16:49:58,607 [INFO ]  [0, 0, 0, 0, 1, 0, 0, 0, 0, 0, 0, 0, 0, 0]
2021-04-06 16:50:04,186 [INFO ]  ----------------
2021-04-06 16:50:04,186 [INFO ]  Item 216 of 20000
2021-04-06 16:50:04,186 [INFO ]  why don 't planes use massive parachutes
2021-04-06 16:50:04,187 [INFO ]  [0, 1, 0, 1, 0, 1, 1, 0, 0, 0, 0, 0, 0, 0]
2021-04-06 16:50:08,716 [INFO ]  ----------------
2021-04-06 16:50:08,716 [INFO ]  Item 217 of 20000
2021-04-06 16:50:08,716 [INFO ]  can you still get pregnant one day before menstruation
2021-04-06 16:50:08,716 [INFO ]  [0, 0, 0, 0, 1, 0, 1, 0, 1, 0, 0, 0, 0, 0]
2021-04-06 16:50:12,795 [INFO ]  ----------------
2021-04-06 16:50:12,795 [INFO ]  Item 218 of 20000
2021-04-06 16:50:12,795 [INFO ]  how do you earn money on quora
2021-04-06 16:50:12,795 [INFO ]  [0, 0, 0, 1, 1, 0, 1, 0, 0, 0, 0, 0, 0, 0]
2021-04-06 16:50:16,823 [INFO ]  ----------------
2021-04-06 16:50:16,823 [INFO ]  Item 219 of 20000
2021-04-06 16:50:16,824 [INFO ]  who is your most favourite tv series character why
2021-04-06 16:50:16,824 [INFO ]  [0, 0, 0, 0, 1, 1, 1, 1, 0, 0, 0, 0, 0, 0]
2021-04-06 16:50:22,606 [INFO ]  ----------------
2021-04-06 16:50:22,606 [INFO ]  Item 220 of 20000
2021-04-06 16:50:22,606 [INFO ]  will the decision to demonetize 500 and 1000 rupee notes help to curb black
2021-04-06 16:50:22,606 [INFO ]  [0, 0, 1, 0, 1, 1, 0, 1, 1, 1, 0, 0, 1, 0]
2021-04-06 16:50:26,380 [INFO ]  ----------------
2021-04-06 16:50:26,380 [INFO ]  Item 221 of 20000
2021-04-06 16:50:26,380 [INFO ]  what is the best restaurant organization in america
2021-04-06 16:50:26,380 [INFO ]  [0, 0, 0, 0, 1, 1, 0, 1, 0, 0, 0, 0, 0, 0]
2021-04-06 16:50:31,452 [INFO ]  ----------------
2021-04-06 16:50:31,452 [INFO ]  Item 222 of 20000
2021-04-06 16:50:31,452 [INFO ]  linguists : what are some unusual features in english that are not found in
2021-04-06 16:50:31,452 [INFO ]  [1, 0, 0, 0, 0, 1, 1, 0, 1, 0, 0, 0, 1, 0]
2021-04-06 16:50:34,687 [INFO ]  ----------------
2021-04-06 16:50:34,688 [INFO ]  Item 223 of 20000
2021-04-06 16:50:34,688 [INFO ]  how do i become a film editor
2021-04-06 16:50:34,688 [INFO ]  [0, 0, 0, 0, 0, 1, 1, 0, 0, 0, 0, 0, 0, 0]
2021-04-06 16:50:38,830 [INFO ]  ----------------
2021-04-06 16:50:38,830 [INFO ]  Item 224 of 20000
2021-04-06 16:50:38,831 [INFO ]  is there an easy way to memorise the periodic table
2021-04-06 16:50:38,831 [INFO ]  [0, 0, 0, 1, 0, 0, 1, 0, 1, 1, 0, 0, 0, 0]
2021-04-06 16:50:43,580 [INFO ]  ----------------
2021-04-06 16:50:43,580 [INFO ]  Item 225 of 20000
2021-04-06 16:50:43,580 [INFO ]  what is the purpose of life according to you
2021-04-06 16:50:43,581 [INFO ]  [0, 0, 0, 1, 0, 1, 0, 0, 0, 0, 0, 0, 0, 0]
2021-04-06 16:50:48,218 [INFO ]  ----------------
2021-04-06 16:50:48,219 [INFO ]  Item 226 of 20000
2021-04-06 16:50:48,219 [INFO ]  are we meant to be alone
2021-04-06 16:50:48,219 [INFO ]  [0, 0, 1, 0, 0, 0, 0, 0, 0, 0, 0, 0, 0, 0]
2021-04-06 16:50:51,890 [INFO ]  ----------------
2021-04-06 16:50:51,890 [INFO ]  Item 227 of 20000
2021-04-06 16:50:51,890 [INFO ]  is penny dreadful worth a watch
2021-04-06 16:50:51,890 [INFO ]  [0, 1, 1, 1, 0, 0, 0, 0, 0, 0, 0, 0, 0, 0]
2021-04-06 16:50:55,982 [INFO ]  ----------------
2021-04-06 16:50:55,982 [INFO ]  Item 228 of 20000
2021-04-06 16:50:55,982 [INFO ]  best schools for class 11 in india
2021-04-06 16:50:55,982 [INFO ]  [0, 1, 0, 1, 1, 0, 0, 0, 0, 0, 0, 0, 0, 0]
2021-04-06 16:51:00,318 [INFO ]  ----------------
2021-04-06 16:51:00,324 [INFO ]  Item 229 of 20000
2021-04-06 16:51:00,324 [INFO ]  how was the kvpy sa 2016 what is the expected cutoff
2021-04-06 16:51:00,324 [INFO ]  [0, 0, 0, 1, 1, 1, 0, 0, 0, 1, 1, 0, 0, 0]
2021-04-06 16:51:04,200 [INFO ]  ----------------
2021-04-06 16:51:04,200 [INFO ]  Item 230 of 20000
2021-04-06 16:51:04,200 [INFO ]  why is the prime minister more powerful in india whereas the president is more
2021-04-06 16:51:04,200 [INFO ]  [0, 0, 0, 1, 1, 0, 1, 0, 1, 0, 0, 1, 0, 0]
2021-04-06 16:51:08,235 [INFO ]  ----------------
2021-04-06 16:51:08,235 [INFO ]  Item 231 of 20000
2021-04-06 16:51:08,235 [INFO ]  what are the best way to learn hacking
2021-04-06 16:51:08,235 [INFO ]  [0, 0, 0, 0, 0, 0, 1, 1, 0, 0, 0, 0, 0, 0]
2021-04-06 16:51:12,736 [INFO ]  ----------------
2021-04-06 16:51:12,736 [INFO ]  Item 232 of 20000
2021-04-06 16:51:12,736 [INFO ]  what do you think about the modi 's sudden decision to scrap 500 and
2021-04-06 16:51:12,736 [INFO ]  [0, 0, 0, 0, 0, 0, 1, 0, 1, 1, 0, 1, 1, 0]
2021-04-06 16:51:16,134 [INFO ]  ----------------
2021-04-06 16:51:16,134 [INFO ]  Item 233 of 20000
2021-04-06 16:51:16,134 [INFO ]  where can i get legit online iq test
2021-04-06 16:51:16,134 [INFO ]  [0, 0, 0, 0, 1, 1, 1, 1, 0, 0, 0, 0, 0, 0]
2021-04-06 16:51:20,876 [INFO ]  ----------------
2021-04-06 16:51:20,876 [INFO ]  Item 234 of 20000
2021-04-06 16:51:20,876 [INFO ]  what can i do to stop lucid dreaming
2021-04-06 16:51:20,876 [INFO ]  [0, 0, 0, 0, 0, 1, 1, 1, 0, 0, 0, 0, 0, 0]
2021-04-06 16:51:25,473 [INFO ]  ----------------
2021-04-06 16:51:25,473 [INFO ]  Item 235 of 20000
2021-04-06 16:51:25,473 [INFO ]  how will sales representative of the future use data
2021-04-06 16:51:25,473 [INFO ]  [0, 0, 1, 1, 0, 0, 1, 0, 1, 0, 0, 0, 0, 0]
2021-04-06 16:51:30,339 [INFO ]  ----------------
2021-04-06 16:51:30,340 [INFO ]  Item 236 of 20000
2021-04-06 16:51:30,340 [INFO ]  is it true that video games make people violent
2021-04-06 16:51:30,340 [INFO ]  [0, 0, 1, 0, 1, 1, 1, 0, 0, 0, 0, 0, 0, 0]
2021-04-06 16:51:35,116 [INFO ]  ----------------
2021-04-06 16:51:35,116 [INFO ]  Item 237 of 20000
2021-04-06 16:51:35,116 [INFO ]  what is the best way to reduce cholesterol without medicines
2021-04-06 16:51:35,116 [INFO ]  [0, 0, 0, 0, 0, 0, 1, 1, 0, 1, 0, 0, 0, 0]
2021-04-06 16:51:40,130 [INFO ]  ----------------
2021-04-06 16:51:40,130 [INFO ]  Item 238 of 20000
2021-04-06 16:51:40,131 [INFO ]  how do you know if you have a bad memory
2021-04-06 16:51:40,131 [INFO ]  [0, 0, 0, 0, 0, 0, 0, 0, 1, 1, 0, 0, 0, 0]
2021-04-06 16:51:45,765 [INFO ]  ----------------
2021-04-06 16:51:45,766 [INFO ]  Item 239 of 20000
2021-04-06 16:51:45,766 [INFO ]  how can i control my emotions
2021-04-06 16:51:45,766 [INFO ]  [0, 0, 0, 1, 0, 1, 0, 0, 0, 0, 0, 0, 0, 0]
2021-04-06 16:51:49,229 [INFO ]  ----------------
2021-04-06 16:51:49,229 [INFO ]  Item 240 of 20000
2021-04-06 16:51:49,229 [INFO ]  what are the best answers for why should i hire you
2021-04-06 16:51:49,229 [INFO ]  [0, 0, 0, 0, 1, 0, 0, 0, 0, 1, 0, 0, 0, 0]
2021-04-06 16:51:53,902 [INFO ]  ----------------
2021-04-06 16:51:53,902 [INFO ]  Item 241 of 20000
2021-04-06 16:51:53,903 [INFO ]  daniel ek : why isn 't spotify coming to india instead of the huge
2021-04-06 16:51:53,903 [INFO ]  [1, 1, 0, 0, 1, 0, 1, 1, 0, 1, 0, 0, 0, 1]
2021-04-06 16:51:58,065 [INFO ]  ----------------
2021-04-06 16:51:58,065 [INFO ]  Item 242 of 20000
2021-04-06 16:51:58,065 [INFO ]  what does it mean when a girl stares at me but doesn 't smile
2021-04-06 16:51:58,065 [INFO ]  [0, 0, 0, 0, 0, 0, 1, 1, 0, 0, 0, 1, 0, 1]
2021-04-06 16:52:01,194 [INFO ]  ----------------
2021-04-06 16:52:01,194 [INFO ]  Item 243 of 20000
2021-04-06 16:52:01,194 [INFO ]  how can i see who viewed my instagram videos
2021-04-06 16:52:01,194 [INFO ]  [0, 0, 0, 0, 0, 1, 0, 1, 1, 0, 0, 0, 0, 0]
2021-04-06 16:52:05,618 [INFO ]  ----------------
2021-04-06 16:52:05,618 [INFO ]  Item 244 of 20000
2021-04-06 16:52:05,618 [INFO ]  what is the most important decision you have made in your life
2021-04-06 16:52:05,618 [INFO ]  [0, 0, 0, 0, 1, 1, 0, 0, 1, 0, 0, 1, 0, 0]
2021-04-06 16:52:10,817 [INFO ]  ----------------
2021-04-06 16:52:10,817 [INFO ]  Item 245 of 20000
2021-04-06 16:52:10,817 [INFO ]  what steps can i take to improve my writing skills
2021-04-06 16:52:10,817 [INFO ]  [0, 1, 0, 0, 0, 0, 1, 0, 1, 1, 0, 0, 0, 0]
2021-04-06 16:52:16,312 [INFO ]  ----------------
2021-04-06 16:52:16,312 [INFO ]  Item 246 of 20000
2021-04-06 16:52:16,312 [INFO ]  what is the best way to prepare for gate 2016 ( ee ) in
2021-04-06 16:52:16,312 [INFO ]  [0, 0, 0, 0, 0, 0, 1, 0, 1, 1, 0, 1, 0, 0]
2021-04-06 16:52:19,240 [INFO ]  ----------------
2021-04-06 16:52:19,240 [INFO ]  Item 247 of 20000
2021-04-06 16:52:19,240 [INFO ]  how can i get more views on youtube videos
2021-04-06 16:52:19,240 [INFO ]  [0, 0, 0, 0, 0, 1, 0, 1, 1, 0, 0, 0, 0, 0]
2021-04-06 16:52:22,036 [INFO ]  ----------------
2021-04-06 16:52:22,036 [INFO ]  Item 248 of 20000
2021-04-06 16:52:22,036 [INFO ]  what are some mind blowing phone gadgets
2021-04-06 16:52:22,036 [INFO ]  [0, 0, 0, 1, 1, 1, 0, 0, 0, 0, 0, 0, 0, 0]
2021-04-06 16:52:24,210 [INFO ]  ----------------
2021-04-06 16:52:24,213 [INFO ]  Item 249 of 20000
2021-04-06 16:52:24,213 [INFO ]  how do i concentrate in a better way on studies
2021-04-06 16:52:24,213 [INFO ]  [0, 0, 0, 1, 0, 0, 0, 0, 0, 1, 0, 0, 0, 0]
2021-04-06 16:52:26,869 [INFO ]  Total accepted: 6364.0
